{"meta": {"format": 3, "version": "7.16.0", "timestamp": "2026-09-08T22:04:53.263757", "branch_coverage": true, "show_contexts": false}, "files": {"aggregator_demo\\__init__.py": {"executed_lines": [3], "summary": {"covered_lines": 1, "num_statements": 1, "percent_covered": 100.0, "percent_covered_display": "100", "missing_lines": 0, "excluded_lines": 0, "percent_statements_covered": 100.0, "percent_statements_covered_display": "100", "num_branches": 0, "num_partial_branches": 0, "covered_branches": 0, "missing_branches": 0, "percent_branches_covered": 100.0, "percent_branches_covered_display": "100"}, "missing_lines": [], "excluded_lines": [], "executed_branches": [], "missing_branches": [], "functions": {"": {"executed_lines": [3], "summary": {"covered_lines": 1, "num_statements": 1, "percent_covered": 100.0, "percent_covered_display": "100", "missing_lines": 0, "excluded_lines": 0, "percent_statements_covered": 100.0, "percent_statements_covered_display": "100", "num_branches": 0, "num_partial_branches": 0, "covered_branches": 0, "missing_branches": 0, "percent_branches_covered": 100.0, "percent_branches_covered_display": "100"}, "missing_lines": [], "excluded_lines": [], "start_line": 1, "executed_branches": [], "missing_branches": []}}, "classes": {"": {"executed_lines": [3], "summary": {"covered_lines": 1, "num_statements": 1, "percent_covered": 100.0, "percent_covered_display": "100", "missing_lines": 0, "excluded_lines": 0, "percent_statements_covered": 100.0, "percent_statements_covered_display": "100", "num_branches": 0, "num_partial_branches": 0, "covered_branches": 0, "missing_branches": 0, "percent_branches_covered": 100.0, "percent_branches_covered_display": "100"}, "missing_lines": [], "excluded_lines": [], "start_line": 1, "executed_branches": [], "missing_branches": []}}}, "aggregator_demo\\admin.py": {"executed_lines": [1, 3, 4, 5, 6, 7, 8, 9, 10, 12, 13, 15, 16, 17, 28, 29, 30, 33, 34, 42, 45, 46, 47, 48, 51, 52, 53, 58, 59, 62, 63, 64, 65, 66, 67, 68, 75, 81, 82, 85, 86, 87, 88, 89, 93, 94, 97, 98, 100, 101, 102, 103, 104, 105, 109, 110, 113, 114, 115, 117, 118, 119, 120, 121, 122, 123, 126, 127, 128, 129, 130, 131, 132, 133, 137, 138, 139, 140, 143, 144, 145, 148, 150, 151, 154, 155, 156, 157, 158, 171, 181, 189, 211, 240], "summary": {"covered_lines": 94, "num_statements": 144, "percent_covered": 62.365591397849464, "percent_covered_display": "62", "missing_lines": 50, "excluded_lines": 2, "percent_statements_covered": 65.27777777777777, "percent_statements_covered_display": "65", "num_branches": 42, "num_partial_branches": 6, "covered_branches": 22, "missing_branches": 20, "percent_branches_covered": 52.38095238095238, "percent_branches_covered_display": "52"}, "missing_lines": [99, 106, 116, 146, 147, 149, 172, 173, 174, 175, 176, 177, 178, 180, 190, 193, 194, 195, 196, 197, 198, 199, 200, 201, 202, 203, 208, 212, 213, 214, 215, 216, 217, 218, 219, 221, 222, 223, 224, 225, 226, 227, 228, 229, 230, 231, 234, 235, 237, 241], "excluded_lines": [232, 233], "executed_branches": [[46, 47], [46, 48], [66, 67], [66, 75], [98, 100], [101, 102], [101, 103], [105, -97], [115, 117], [118, 119], [118, 123], [120, 121], [120, 122], [130, 131], [130, 132], [132, 133], [132, 140], [137, 138], [137, 139], [148, 150], [171, 181], [240, -1]], "missing_branches": [[98, 99], [105, 106], [115, 116], [148, 149], [171, 172], [173, 174], [173, 180], [176, 177], [176, 178], [213, 214], [213, 216], [217, 218], [217, 221], [224, 225], [224, 226], [226, 227], [226, 228], [229, 230], [229, 231], [240, 241]], "functions": {"_json_value": {"executed_lines": [46, 47, 48], "summary": {"covered_lines": 3, "num_statements": 3, "percent_covered": 100.0, "percent_covered_display": "100", "missing_lines": 0, "excluded_lines": 0, "percent_statements_covered": 100.0, "percent_statements_covered_display": "100", "num_branches": 2, "num_partial_branches": 0, "covered_branches": 2, "missing_branches": 0, "percent_branches_covered": 100.0, "percent_branches_covered_display": "100"}, "missing_lines": [], "excluded_lines": [], "start_line": 45, "executed_branches": [[46, 47], [46, 48]], "missing_branches": []}, "_canonical_payload": {"executed_lines": [52, 53], "summary": {"covered_lines": 2, "num_statements": 2, "percent_covered": 100.0, "percent_covered_display": "100", "missing_lines": 0, "excluded_lines": 0, "percent_statements_covered": 100.0, "percent_statements_covered_display": "100", "num_branches": 0, "num_partial_branches": 0, "covered_branches": 0, "missing_branches": 0, "percent_branches_covered": 100.0, "percent_branches_covered_display": "100"}, "missing_lines": [], "excluded_lines": [], "start_line": 51, "executed_branches": [], "missing_branches": []}, "_digest": {"executed_lines": [59], "summary": {"covered_lines": 1, "num_statements": 1, "percent_covered": 100.0, "percent_covered_display": "100", "missing_lines": 0, "excluded_lines": 0, "percent_statements_covered": 100.0, "percent_statements_covered_display": "100", "num_branches": 0, "num_partial_branches": 0, "covered_branches": 0, "missing_branches": 0, "percent_branches_covered": 100.0, "percent_branches_covered_display": "100"}, "missing_lines": [], "excluded_lines": [], "start_line": 58, "executed_branches": [], "missing_branches": []}, "create_backup": {"executed_lines": [63, 64, 65, 66, 67, 68, 75, 81, 82], "summary": {"covered_lines": 9, "num_statements": 9, "percent_covered": 100.0, "percent_covered_display": "100", "missing_lines": 0, "excluded_lines": 0, "percent_statements_covered": 100.0, "percent_statements_covered_display": "100", "num_branches": 2, "num_partial_branches": 0, "covered_branches": 2, "missing_branches": 0, "percent_branches_covered": 100.0, "percent_branches_covered_display": "100"}, "missing_lines": [], "excluded_lines": [], "start_line": 62, "executed_branches": [[66, 67], [66, 75]], "missing_branches": []}, "write_backup": {"executed_lines": [86, 87, 88, 89, 93, 94], "summary": {"covered_lines": 6, "num_statements": 6, "percent_covered": 100.0, "percent_covered_display": "100", "missing_lines": 0, "excluded_lines": 0, "percent_statements_covered": 100.0, "percent_statements_covered_display": "100", "num_branches": 0, "num_partial_branches": 0, "covered_branches": 0, "missing_branches": 0, "percent_branches_covered": 100.0, "percent_branches_covered_display": "100"}, "missing_lines": [], "excluded_lines": [], "start_line": 85, "executed_branches": [], "missing_branches": []}, "_validate_backup": {"executed_lines": [98, 100, 101, 102, 103, 104, 105], "summary": {"covered_lines": 7, "num_statements": 9, "percent_covered": 73.33333333333333, "percent_covered_display": "73", "missing_lines": 2, "excluded_lines": 0, "percent_statements_covered": 77.77777777777777, "percent_statements_covered_display": "78", "num_branches": 6, "num_partial_branches": 2, "covered_branches": 4, "missing_branches": 2, "percent_branches_covered": 66.66666666666667, "percent_branches_covered_display": "67"}, "missing_lines": [99, 106], "excluded_lines": [], "start_line": 97, "executed_branches": [[98, 100], [101, 102], [101, 103], [105, -97]], "missing_branches": [[98, 99], [105, 106]]}, "compare_digest_hex": {"executed_lines": [110], "summary": {"covered_lines": 1, "num_statements": 1, "percent_covered": 100.0, "percent_covered_display": "100", "missing_lines": 0, "excluded_lines": 0, "percent_statements_covered": 100.0, "percent_statements_covered_display": "100", "num_branches": 0, "num_partial_branches": 0, "covered_branches": 0, "missing_branches": 0, "percent_branches_covered": 100.0, "percent_branches_covered_display": "100"}, "missing_lines": [], "excluded_lines": [], "start_line": 109, "executed_branches": [], "missing_branches": []}, "_database_row": {"executed_lines": [114, 115, 117, 118, 119, 120, 121, 122, 123], "summary": {"covered_lines": 9, "num_statements": 10, "percent_covered": 87.5, "percent_covered_display": "88", "missing_lines": 1, "excluded_lines": 0, "percent_statements_covered": 90.0, "percent_statements_covered_display": "90", "num_branches": 6, "num_partial_branches": 1, "covered_branches": 5, "missing_branches": 1, "percent_branches_covered": 83.33333333333333, "percent_branches_covered_display": "83"}, "missing_lines": [116], "excluded_lines": [], "start_line": 113, "executed_branches": [[115, 117], [118, 119], [118, 123], [120, 121], [120, 122]], "missing_branches": [[115, 116]]}, "restore_backup": {"executed_lines": [127, 128, 129, 130, 131, 132, 133, 137, 138, 139, 140], "summary": {"covered_lines": 11, "num_statements": 11, "percent_covered": 100.0, "percent_covered_display": "100", "missing_lines": 0, "excluded_lines": 0, "percent_statements_covered": 100.0, "percent_statements_covered_display": "100", "num_branches": 6, "num_partial_branches": 0, "covered_branches": 6, "missing_branches": 0, "percent_branches_covered": 100.0, "percent_branches_covered_display": "100"}, "missing_lines": [], "excluded_lines": [], "start_line": 126, "executed_branches": [[130, 131], [130, 132], [132, 133], [132, 140], [137, 138], [137, 139]], "missing_branches": []}, "read_backup": {"executed_lines": [144, 145, 148, 150, 151], "summary": {"covered_lines": 5, "num_statements": 8, "percent_covered": 60.0, "percent_covered_display": "60", "missing_lines": 3, "excluded_lines": 0, "percent_statements_covered": 62.5, "percent_statements_covered_display": "62", "num_branches": 2, "num_partial_branches": 1, "covered_branches": 1, "missing_branches": 1, "percent_branches_covered": 50.0, "percent_branches_covered_display": "50"}, "missing_lines": [146, 147, 149], "excluded_lines": [], "start_line": 143, "executed_branches": [[148, 150]], "missing_branches": [[148, 149]]}, "seed_demo": {"executed_lines": [155, 156, 157, 158, 171, 181], "summary": {"covered_lines": 6, "num_statements": 14, "percent_covered": 35.0, "percent_covered_display": "35", "missing_lines": 8, "excluded_lines": 0, "percent_statements_covered": 42.857142857142854, "percent_statements_covered_display": "43", "num_branches": 6, "num_partial_branches": 1, "covered_branches": 1, "missing_branches": 5, "percent_branches_covered": 16.666666666666668, "percent_branches_covered_display": "17"}, "missing_lines": [172, 173, 174, 175, 176, 177, 178, 180], "excluded_lines": [], "start_line": 154, "executed_branches": [[171, 181]], "missing_branches": [[171, 172], [173, 174], [173, 180], [176, 177], [176, 178]]}, "build_parser": {"executed_lines": [], "summary": {"covered_lines": 0, "num_statements": 13, "percent_covered": 0.0, "percent_covered_display": "0", "missing_lines": 13, "excluded_lines": 0, "percent_statements_covered": 0.0, "percent_statements_covered_display": "0", "num_branches": 0, "num_partial_branches": 0, "covered_branches": 0, "missing_branches": 0, "percent_branches_covered": 100.0, "percent_branches_covered_display": "100"}, "missing_lines": [190, 193, 194, 195, 196, 197, 198, 199, 200, 201, 202, 203, 208], "excluded_lines": [], "start_line": 189, "executed_branches": [], "missing_branches": []}, "main": {"executed_lines": [], "summary": {"covered_lines": 0, "num_statements": 22, "percent_covered": 0.0, "percent_covered_display": "0", "missing_lines": 22, "excluded_lines": 2, "percent_statements_covered": 0.0, "percent_statements_covered_display": "0", "num_branches": 10, "num_partial_branches": 0, "covered_branches": 0, "missing_branches": 10, "percent_branches_covered": 0.0, "percent_branches_covered_display": "0"}, "missing_lines": [212, 213, 214, 215, 216, 217, 218, 219, 221, 222, 223, 224, 225, 226, 227, 228, 229, 230, 231, 234, 235, 237], "excluded_lines": [232, 233], "start_line": 211, "executed_branches": [], "missing_branches": [[213, 214], [213, 216], [217, 218], [217, 221], [224, 225], [224, 226], [226, 227], [226, 228], [229, 230], [229, 231]]}, "": {"executed_lines": [1, 3, 4, 5, 6, 7, 8, 9, 10, 12, 13, 15, 16, 17, 28, 29, 30, 33, 34, 42, 45, 51, 58, 62, 85, 97, 109, 113, 126, 143, 154, 189, 211, 240], "summary": {"covered_lines": 34, "num_statements": 35, "percent_covered": 94.5945945945946, "percent_covered_display": "95", "missing_lines": 1, "excluded_lines": 0, "percent_statements_covered": 97.14285714285714, "percent_statements_covered_display": "97", "num_branches": 2, "num_partial_branches": 1, "covered_branches": 1, "missing_branches": 1, "percent_branches_covered": 50.0, "percent_branches_covered_display": "50"}, "missing_lines": [241], "excluded_lines": [], "start_line": 1, "executed_branches": [[240, -1]], "missing_branches": [[240, 241]]}}, "classes": {"": {"executed_lines": [1, 3, 4, 5, 6, 7, 8, 9, 10, 12, 13, 15, 16, 17, 28, 29, 30, 33, 34, 42, 45, 46, 47, 48, 51, 52, 53, 58, 59, 62, 63, 64, 65, 66, 67, 68, 75, 81, 82, 85, 86, 87, 88, 89, 93, 94, 97, 98, 100, 101, 102, 103, 104, 105, 109, 110, 113, 114, 115, 117, 118, 119, 120, 121, 122, 123, 126, 127, 128, 129, 130, 131, 132, 133, 137, 138, 139, 140, 143, 144, 145, 148, 150, 151, 154, 155, 156, 157, 158, 171, 181, 189, 211, 240], "summary": {"covered_lines": 94, "num_statements": 144, "percent_covered": 62.365591397849464, "percent_covered_display": "62", "missing_lines": 50, "excluded_lines": 2, "percent_statements_covered": 65.27777777777777, "percent_statements_covered_display": "65", "num_branches": 42, "num_partial_branches": 6, "covered_branches": 22, "missing_branches": 20, "percent_branches_covered": 52.38095238095238, "percent_branches_covered_display": "52"}, "missing_lines": [99, 106, 116, 146, 147, 149, 172, 173, 174, 175, 176, 177, 178, 180, 190, 193, 194, 195, 196, 197, 198, 199, 200, 201, 202, 203, 208, 212, 213, 214, 215, 216, 217, 218, 219, 221, 222, 223, 224, 225, 226, 227, 228, 229, 230, 231, 234, 235, 237, 241], "excluded_lines": [232, 233], "start_line": 1, "executed_branches": [[46, 47], [46, 48], [66, 67], [66, 75], [98, 100], [101, 102], [101, 103], [105, -97], [115, 117], [118, 119], [118, 123], [120, 121], [120, 122], [130, 131], [130, 132], [132, 133], [132, 140], [137, 138], [137, 139], [148, 150], [171, 181], [240, -1]], "missing_branches": [[98, 99], [105, 106], [115, 116], [148, 149], [171, 172], [173, 174], [173, 180], [176, 177], [176, 178], [213, 214], [213, 216], [217, 218], [217, 221], [224, 225], [224, 226], [226, 227], [226, 228], [229, 230], [229, 231], [240, 241]]}}}, "aggregator_demo\\app.py": {"executed_lines": [1, 3, 4, 5, 6, 7, 8, 9, 11, 12, 13, 14, 15, 16, 17, 19, 20, 27, 32, 64, 65, 66, 72, 77, 82, 87, 88, 89, 90, 91, 94, 95, 96, 99, 100, 103, 112, 115, 118, 119, 122, 123, 125, 128, 129, 131, 134, 135, 138, 141, 144, 155, 156, 157, 158, 159, 160, 162, 170, 171, 172, 173, 174, 175, 176, 177, 180, 181, 182, 187, 190, 191, 192, 208, 209, 212, 213, 219, 220, 223, 224, 225, 226, 227, 228, 235, 236, 237, 238, 239, 240, 241, 261, 262, 263, 269, 270, 271, 283, 285, 292, 293, 299, 306, 307, 308, 309, 314, 315, 316, 323, 329, 330, 340, 347, 348, 354, 359, 360, 362, 367, 373, 374, 376, 384, 393, 394, 398, 410, 436, 444, 453, 454, 458, 463, 464, 465, 472, 473, 480, 481, 489, 496, 497, 498, 508, 518, 521, 522, 523, 531, 532, 540, 547, 550, 551, 561, 572, 578, 579, 584, 592, 593, 601, 608, 611, 612, 622, 633, 642, 643, 648, 656, 657, 665, 671, 677, 683, 690, 704, 711, 714, 715, 725, 731, 737, 743, 756, 766, 767, 770, 771, 785, 786, 798, 805, 816, 817, 818, 837, 843, 849, 859, 871, 880, 881, 884, 885, 895, 896, 901, 907, 937, 950, 960, 961, 962, 970, 971, 972, 987, 995, 996, 1004, 1015, 1024, 1025, 1026, 1058, 1068, 1071, 1072, 1090, 1095, 1096, 1107, 1112, 1117, 1122, 1127, 1132, 1136, 1144, 1147], "summary": {"covered_lines": 244, "num_statements": 296, "percent_covered": 81.69934640522875, "percent_covered_display": "82", "missing_lines": 52, "excluded_lines": 0, "percent_statements_covered": 82.43243243243244, "percent_statements_covered_display": "82", "num_branches": 10, "num_partial_branches": 2, "covered_branches": 6, "missing_branches": 4, "percent_branches_covered": 60.0, "percent_branches_covered_display": "60"}, "missing_lines": [242, 243, 244, 250, 260, 361, 411, 412, 419, 420, 427, 428, 499, 500, 524, 552, 553, 585, 613, 614, 649, 693, 694, 695, 696, 716, 717, 790, 791, 827, 828, 829, 914, 915, 916, 917, 918, 919, 920, 921, 928, 929, 988, 1032, 1033, 1034, 1049, 1050, 1073, 1074, 1081, 1082], "excluded_lines": [], "executed_branches": [[157, 158], [157, 159], [159, 160], [159, 162], [226, 227], [360, 362]], "missing_branches": [[226, 228], [360, 361], [916, 917], [916, 918]], "functions": {"database_session": {"executed_lines": [95, 96], "summary": {"covered_lines": 2, "num_statements": 2, "percent_covered": 100.0, "percent_covered_display": "100", "missing_lines": 0, "excluded_lines": 0, "percent_statements_covered": 100.0, "percent_statements_covered_display": "100", "num_branches": 0, "num_partial_branches": 0, "covered_branches": 0, "missing_branches": 0, "percent_branches_covered": 100.0, "percent_branches_covered_display": "100"}, "missing_lines": [], "excluded_lines": [], "start_line": 94, "executed_branches": [], "missing_branches": []}, "authenticated_principal": {"executed_lines": [112, 115, 118, 119], "summary": {"covered_lines": 4, "num_statements": 4, "percent_covered": 100.0, "percent_covered_display": "100", "missing_lines": 0, "excluded_lines": 0, "percent_statements_covered": 100.0, "percent_statements_covered_display": "100", "num_branches": 0, "num_partial_branches": 0, "covered_branches": 0, "missing_branches": 0, "percent_branches_covered": 100.0, "percent_branches_covered_display": "100"}, "missing_lines": [], "excluded_lines": [], "start_line": 103, "executed_branches": [], "missing_branches": []}, "require_roles": {"executed_lines": [123, 125, 131], "summary": {"covered_lines": 3, "num_statements": 3, "percent_covered": 100.0, "percent_covered_display": "100", "missing_lines": 0, "excluded_lines": 0, "percent_statements_covered": 100.0, "percent_statements_covered_display": "100", "num_branches": 0, "num_partial_branches": 0, "covered_branches": 0, "missing_branches": 0, "percent_branches_covered": 100.0, "percent_branches_covered_display": "100"}, "missing_lines": [], "excluded_lines": [], "start_line": 122, "executed_branches": [], "missing_branches": []}, "require_roles.dependency": {"executed_lines": [128, 129], "summary": {"covered_lines": 2, "num_statements": 2, "percent_covered": 100.0, "percent_covered_display": "100", "missing_lines": 0, "excluded_lines": 0, "percent_statements_covered": 100.0, "percent_statements_covered_display": "100", "num_branches": 0, "num_partial_branches": 0, "covered_branches": 0, "missing_branches": 0, "percent_branches_covered": 100.0, "percent_branches_covered_display": "100"}, "missing_lines": [], "excluded_lines": [], "start_line": 125, "executed_branches": [], "missing_branches": []}, "create_app": {"executed_lines": [155, 156, 157, 158, 159, 160, 162, 170, 171, 172, 173, 174, 175, 176, 177, 180, 181, 182, 187, 190, 191, 192, 208, 209, 219, 220, 235, 236, 285, 292, 299, 306, 323, 329, 340, 347, 354, 359, 367, 373, 376, 384, 436, 444, 489, 496, 508, 518, 540, 547, 561, 572, 601, 608, 622, 633, 665, 671, 683, 690, 704, 711, 725, 731, 743, 756, 798, 805, 837, 843, 859, 871, 901, 907, 937, 950, 1004, 1015, 1058, 1068, 1090, 1095, 1107, 1112, 1122, 1127, 1144], "summary": {"covered_lines": 87, "num_statements": 87, "percent_covered": 100.0, "percent_covered_display": "100", "missing_lines": 0, "excluded_lines": 0, "percent_statements_covered": 100.0, "percent_statements_covered_display": "100", "num_branches": 4, "num_partial_branches": 0, "covered_branches": 4, "missing_branches": 0, "percent_branches_covered": 100.0, "percent_branches_covered_display": "100"}, "missing_lines": [], "excluded_lines": [], "start_line": 144, "executed_branches": [[157, 158], [157, 159], [159, 160], [159, 162]], "missing_branches": []}, "create_app.authentication_error_handler": {"executed_lines": [212, 213], "summary": {"covered_lines": 2, "num_statements": 2, "percent_covered": 100.0, "percent_covered_display": "100", "missing_lines": 0, "excluded_lines": 0, "percent_statements_covered": 100.0, "percent_statements_covered_display": "100", "num_branches": 0, "num_partial_branches": 0, "covered_branches": 0, "missing_branches": 0, "percent_branches_covered": 100.0, "percent_branches_covered_display": "100"}, "missing_lines": [], "excluded_lines": [], "start_line": 209, "executed_branches": [], "missing_branches": []}, "create_app.request_validation_error_handler": {"executed_lines": [223, 224, 225, 226, 227, 228], "summary": {"covered_lines": 6, "num_statements": 6, "percent_covered": 87.5, "percent_covered_display": "88", "missing_lines": 0, "excluded_lines": 0, "percent_statements_covered": 100.0, "percent_statements_covered_display": "100", "num_branches": 2, "num_partial_branches": 1, "covered_branches": 1, "missing_branches": 1, "percent_branches_covered": 50.0, "percent_branches_covered_display": "50"}, "missing_lines": [], "excluded_lines": [], "start_line": 220, "executed_branches": [[226, 227]], "missing_branches": [[226, 228]]}, "create_app.request_observability": {"executed_lines": [237, 238, 239, 240, 241, 261, 262, 263, 269, 270, 271, 283], "summary": {"covered_lines": 12, "num_statements": 17, "percent_covered": 70.58823529411765, "percent_covered_display": "71", "missing_lines": 5, "excluded_lines": 0, "percent_statements_covered": 70.58823529411765, "percent_statements_covered_display": "71", "num_branches": 0, "num_partial_branches": 0, "covered_branches": 0, "missing_branches": 0, "percent_branches_covered": 100.0, "percent_branches_covered_display": "100"}, "missing_lines": [242, 243, 244, 250, 260], "excluded_lines": [], "start_line": 236, "executed_branches": [], "missing_branches": []}, "create_app.liveness": {"executed_lines": [293], "summary": {"covered_lines": 1, "num_statements": 1, "percent_covered": 100.0, "percent_covered_display": "100", "missing_lines": 0, "excluded_lines": 0, "percent_statements_covered": 100.0, "percent_statements_covered_display": "100", "num_branches": 0, "num_partial_branches": 0, "covered_branches": 0, "missing_branches": 0, "percent_branches_covered": 100.0, "percent_branches_covered_display": "100"}, "missing_lines": [], "excluded_lines": [], "start_line": 292, "executed_branches": [], "missing_branches": []}, "create_app.readiness": {"executed_lines": [307, 308, 309, 314, 315, 316], "summary": {"covered_lines": 6, "num_statements": 6, "percent_covered": 100.0, "percent_covered_display": "100", "missing_lines": 0, "excluded_lines": 0, "percent_statements_covered": 100.0, "percent_statements_covered_display": "100", "num_branches": 0, "num_partial_branches": 0, "covered_branches": 0, "missing_branches": 0, "percent_branches_covered": 100.0, "percent_branches_covered_display": "100"}, "missing_lines": [], "excluded_lines": [], "start_line": 306, "executed_branches": [], "missing_branches": []}, "create_app.capabilities": {"executed_lines": [330], "summary": {"covered_lines": 1, "num_statements": 1, "percent_covered": 100.0, "percent_covered_display": "100", "missing_lines": 0, "excluded_lines": 0, "percent_statements_covered": 100.0, "percent_statements_covered_display": "100", "num_branches": 0, "num_partial_branches": 0, "covered_branches": 0, "missing_branches": 0, "percent_branches_covered": 100.0, "percent_branches_covered_display": "100"}, "missing_lines": [], "excluded_lines": [], "start_line": 329, "executed_branches": [], "missing_branches": []}, "create_app.session": {"executed_lines": [348], "summary": {"covered_lines": 1, "num_statements": 1, "percent_covered": 100.0, "percent_covered_display": "100", "missing_lines": 0, "excluded_lines": 0, "percent_statements_covered": 100.0, "percent_statements_covered_display": "100", "num_branches": 0, "num_partial_branches": 0, "covered_branches": 0, "missing_branches": 0, "percent_branches_covered": 100.0, "percent_branches_covered_display": "100"}, "missing_lines": [], "excluded_lines": [], "start_line": 347, "executed_branches": [], "missing_branches": []}, "create_app.metrics": {"executed_lines": [360, 362], "summary": {"covered_lines": 2, "num_statements": 3, "percent_covered": 60.0, "percent_covered_display": "60", "missing_lines": 1, "excluded_lines": 0, "percent_statements_covered": 66.66666666666667, "percent_statements_covered_display": "67", "num_branches": 2, "num_partial_branches": 1, "covered_branches": 1, "missing_branches": 1, "percent_branches_covered": 50.0, "percent_branches_covered_display": "50"}, "missing_lines": [361], "excluded_lines": [], "start_line": 359, "executed_branches": [[360, 362]], "missing_branches": [[360, 361]]}, "create_app.list_demo_inputs": {"executed_lines": [374], "summary": {"covered_lines": 1, "num_statements": 1, "percent_covered": 100.0, "percent_covered_display": "100", "missing_lines": 0, "excluded_lines": 0, "percent_statements_covered": 100.0, "percent_statements_covered_display": "100", "num_branches": 0, "num_partial_branches": 0, "covered_branches": 0, "missing_branches": 0, "percent_branches_covered": 100.0, "percent_branches_covered_display": "100"}, "missing_lines": [], "excluded_lines": [], "start_line": 373, "executed_branches": [], "missing_branches": []}, "create_app.create_failure_drill": {"executed_lines": [393, 394, 398, 410], "summary": {"covered_lines": 4, "num_statements": 10, "percent_covered": 40.0, "percent_covered_display": "40", "missing_lines": 6, "excluded_lines": 0, "percent_statements_covered": 40.0, "percent_statements_covered_display": "40", "num_branches": 0, "num_partial_branches": 0, "covered_branches": 0, "missing_branches": 0, "percent_branches_covered": 100.0, "percent_branches_covered_display": "100"}, "missing_lines": [411, 412, 419, 420, 427, 428], "excluded_lines": [], "start_line": 384, "executed_branches": [], "missing_branches": []}, "create_app.create_run": {"executed_lines": [453, 454, 458, 463, 464, 465, 472, 473, 480, 481], "summary": {"covered_lines": 10, "num_statements": 10, "percent_covered": 100.0, "percent_covered_display": "100", "missing_lines": 0, "excluded_lines": 0, "percent_statements_covered": 100.0, "percent_statements_covered_display": "100", "num_branches": 0, "num_partial_branches": 0, "covered_branches": 0, "missing_branches": 0, "percent_branches_covered": 100.0, "percent_branches_covered_display": "100"}, "missing_lines": [], "excluded_lines": [], "start_line": 444, "executed_branches": [], "missing_branches": []}, "create_app.get_run": {"executed_lines": [497, 498], "summary": {"covered_lines": 2, "num_statements": 4, "percent_covered": 50.0, "percent_covered_display": "50", "missing_lines": 2, "excluded_lines": 0, "percent_statements_covered": 50.0, "percent_statements_covered_display": "50", "num_branches": 0, "num_partial_branches": 0, "covered_branches": 0, "missing_branches": 0, "percent_branches_covered": 100.0, "percent_branches_covered_display": "100"}, "missing_lines": [499, 500], "excluded_lines": [], "start_line": 496, "executed_branches": [], "missing_branches": []}, "create_app.get_run_result": {"executed_lines": [521, 522, 523, 531, 532], "summary": {"covered_lines": 5, "num_statements": 6, "percent_covered": 83.33333333333333, "percent_covered_display": "83", "missing_lines": 1, "excluded_lines": 0, "percent_statements_covered": 83.33333333333333, "percent_statements_covered_display": "83", "num_branches": 0, "num_partial_branches": 0, "covered_branches": 0, "missing_branches": 0, "percent_branches_covered": 100.0, "percent_branches_covered_display": "100"}, "missing_lines": [524], "excluded_lines": [], "start_line": 518, "executed_branches": [], "missing_branches": []}, "create_app.get_approval": {"executed_lines": [550, 551], "summary": {"covered_lines": 2, "num_statements": 4, "percent_covered": 50.0, "percent_covered_display": "50", "missing_lines": 2, "excluded_lines": 0, "percent_statements_covered": 50.0, "percent_statements_covered_display": "50", "num_branches": 0, "num_partial_branches": 0, "covered_branches": 0, "missing_branches": 0, "percent_branches_covered": 100.0, "percent_branches_covered_display": "100"}, "missing_lines": [552, 553], "excluded_lines": [], "start_line": 547, "executed_branches": [], "missing_branches": []}, "create_app.create_approval": {"executed_lines": [578, 579, 584, 592, 593], "summary": {"covered_lines": 5, "num_statements": 6, "percent_covered": 83.33333333333333, "percent_covered_display": "83", "missing_lines": 1, "excluded_lines": 0, "percent_statements_covered": 83.33333333333333, "percent_statements_covered_display": "83", "num_branches": 0, "num_partial_branches": 0, "covered_branches": 0, "missing_branches": 0, "percent_branches_covered": 100.0, "percent_branches_covered_display": "100"}, "missing_lines": [585], "excluded_lines": [], "start_line": 572, "executed_branches": [], "missing_branches": []}, "create_app.get_timeline": {"executed_lines": [611, 612], "summary": {"covered_lines": 2, "num_statements": 4, "percent_covered": 50.0, "percent_covered_display": "50", "missing_lines": 2, "excluded_lines": 0, "percent_statements_covered": 50.0, "percent_statements_covered_display": "50", "num_branches": 0, "num_partial_branches": 0, "covered_branches": 0, "missing_branches": 0, "percent_branches_covered": 100.0, "percent_branches_covered_display": "100"}, "missing_lines": [613, 614], "excluded_lines": [], "start_line": 608, "executed_branches": [], "missing_branches": []}, "create_app.simulate_notice": {"executed_lines": [642, 643, 648, 656, 657], "summary": {"covered_lines": 5, "num_statements": 6, "percent_covered": 83.33333333333333, "percent_covered_display": "83", "missing_lines": 1, "excluded_lines": 0, "percent_statements_covered": 83.33333333333333, "percent_statements_covered_display": "83", "num_branches": 0, "num_partial_branches": 0, "covered_branches": 0, "missing_branches": 0, "percent_branches_covered": 100.0, "percent_branches_covered_display": "100"}, "missing_lines": [649], "excluded_lines": [], "start_line": 633, "executed_branches": [], "missing_branches": []}, "create_app.list_notices": {"executed_lines": [677], "summary": {"covered_lines": 1, "num_statements": 1, "percent_covered": 100.0, "percent_covered_display": "100", "missing_lines": 0, "excluded_lines": 0, "percent_statements_covered": 100.0, "percent_statements_covered_display": "100", "num_branches": 0, "num_partial_branches": 0, "covered_branches": 0, "missing_branches": 0, "percent_branches_covered": 100.0, "percent_branches_covered_display": "100"}, "missing_lines": [], "excluded_lines": [], "start_line": 671, "executed_branches": [], "missing_branches": []}, "create_app.get_notice": {"executed_lines": [], "summary": {"covered_lines": 0, "num_statements": 4, "percent_covered": 0.0, "percent_covered_display": "0", "missing_lines": 4, "excluded_lines": 0, "percent_statements_covered": 0.0, "percent_statements_covered_display": "0", "num_branches": 0, "num_partial_branches": 0, "covered_branches": 0, "missing_branches": 0, "percent_branches_covered": 100.0, "percent_branches_covered_display": "100"}, "missing_lines": [693, 694, 695, 696], "excluded_lines": [], "start_line": 690, "executed_branches": [], "missing_branches": []}, "create_app.get_run_notice": {"executed_lines": [714, 715], "summary": {"covered_lines": 2, "num_statements": 4, "percent_covered": 50.0, "percent_covered_display": "50", "missing_lines": 2, "excluded_lines": 0, "percent_statements_covered": 50.0, "percent_statements_covered_display": "50", "num_branches": 0, "num_partial_branches": 0, "covered_branches": 0, "missing_branches": 0, "percent_branches_covered": 100.0, "percent_branches_covered_display": "100"}, "missing_lines": [716, 717], "excluded_lines": [], "start_line": 711, "executed_branches": [], "missing_branches": []}, "create_app.list_runs": {"executed_lines": [737], "summary": {"covered_lines": 1, "num_statements": 1, "percent_covered": 100.0, "percent_covered_display": "100", "missing_lines": 0, "excluded_lines": 0, "percent_statements_covered": 100.0, "percent_statements_covered_display": "100", "num_branches": 0, "num_partial_branches": 0, "covered_branches": 0, "missing_branches": 0, "percent_branches_covered": 100.0, "percent_branches_covered_display": "100"}, "missing_lines": [], "excluded_lines": [], "start_line": 731, "executed_branches": [], "missing_branches": []}, "create_app.create_dispatch_simulation": {"executed_lines": [766, 767, 770, 771, 785, 786], "summary": {"covered_lines": 6, "num_statements": 8, "percent_covered": 75.0, "percent_covered_display": "75", "missing_lines": 2, "excluded_lines": 0, "percent_statements_covered": 75.0, "percent_statements_covered_display": "75", "num_branches": 0, "num_partial_branches": 0, "covered_branches": 0, "missing_branches": 0, "percent_branches_covered": 100.0, "percent_branches_covered_display": "100"}, "missing_lines": [790, 791], "excluded_lines": [], "start_line": 756, "executed_branches": [], "missing_branches": []}, "create_app.list_dispatch_simulations": {"executed_lines": [816, 817, 818], "summary": {"covered_lines": 3, "num_statements": 6, "percent_covered": 50.0, "percent_covered_display": "50", "missing_lines": 3, "excluded_lines": 0, "percent_statements_covered": 50.0, "percent_statements_covered_display": "50", "num_branches": 0, "num_partial_branches": 0, "covered_branches": 0, "missing_branches": 0, "percent_branches_covered": 100.0, "percent_branches_covered_display": "100"}, "missing_lines": [827, 828, 829], "excluded_lines": [], "start_line": 805, "executed_branches": [], "missing_branches": []}, "create_app.list_security_events": {"executed_lines": [849], "summary": {"covered_lines": 1, "num_statements": 1, "percent_covered": 100.0, "percent_covered_display": "100", "missing_lines": 0, "excluded_lines": 0, "percent_statements_covered": 100.0, "percent_statements_covered_display": "100", "num_branches": 0, "num_partial_branches": 0, "covered_branches": 0, "missing_branches": 0, "percent_branches_covered": 100.0, "percent_branches_covered_display": "100"}, "missing_lines": [], "excluded_lines": [], "start_line": 843, "executed_branches": [], "missing_branches": []}, "create_app.activate_emergency_safe_state": {"executed_lines": [880, 881, 884, 885, 895, 896], "summary": {"covered_lines": 6, "num_statements": 6, "percent_covered": 100.0, "percent_covered_display": "100", "missing_lines": 0, "excluded_lines": 0, "percent_statements_covered": 100.0, "percent_statements_covered_display": "100", "num_branches": 0, "num_partial_branches": 0, "covered_branches": 0, "missing_branches": 0, "percent_branches_covered": 100.0, "percent_branches_covered_display": "100"}, "missing_lines": [], "excluded_lines": [], "start_line": 871, "executed_branches": [], "missing_branches": []}, "create_app.controller_status": {"executed_lines": [], "summary": {"covered_lines": 0, "num_statements": 10, "percent_covered": 0.0, "percent_covered_display": "0", "missing_lines": 10, "excluded_lines": 0, "percent_statements_covered": 0.0, "percent_statements_covered_display": "0", "num_branches": 2, "num_partial_branches": 0, "covered_branches": 0, "missing_branches": 2, "percent_branches_covered": 0.0, "percent_branches_covered_display": "0"}, "missing_lines": [914, 915, 916, 917, 918, 919, 920, 921, 928, 929], "excluded_lines": [], "start_line": 907, "executed_branches": [], "missing_branches": [[916, 917], [916, 918]]}, "create_app.create_control_simulation": {"executed_lines": [960, 961, 962, 970, 971, 972, 987, 995, 996], "summary": {"covered_lines": 9, "num_statements": 10, "percent_covered": 90.0, "percent_covered_display": "90", "missing_lines": 1, "excluded_lines": 0, "percent_statements_covered": 90.0, "percent_statements_covered_display": "90", "num_branches": 0, "num_partial_branches": 0, "covered_branches": 0, "missing_branches": 0, "percent_branches_covered": 100.0, "percent_branches_covered_display": "100"}, "missing_lines": [988], "excluded_lines": [], "start_line": 950, "executed_branches": [], "missing_branches": []}, "create_app.list_control_simulations": {"executed_lines": [1024, 1025, 1026], "summary": {"covered_lines": 3, "num_statements": 8, "percent_covered": 37.5, "percent_covered_display": "38", "missing_lines": 5, "excluded_lines": 0, "percent_statements_covered": 37.5, "percent_statements_covered_display": "38", "num_branches": 0, "num_partial_branches": 0, "covered_branches": 0, "missing_branches": 0, "percent_branches_covered": 100.0, "percent_branches_covered_display": "100"}, "missing_lines": [1032, 1033, 1034, 1049, 1050], "excluded_lines": [], "start_line": 1015, "executed_branches": [], "missing_branches": []}, "create_app.cancel_run": {"executed_lines": [1071, 1072], "summary": {"covered_lines": 2, "num_statements": 6, "percent_covered": 33.333333333333336, "percent_covered_display": "33", "missing_lines": 4, "excluded_lines": 0, "percent_statements_covered": 33.333333333333336, "percent_statements_covered_display": "33", "num_branches": 0, "num_partial_branches": 0, "covered_branches": 0, "missing_branches": 0, "percent_branches_covered": 100.0, "percent_branches_covered_display": "100"}, "missing_lines": [1073, 1074, 1081, 1082], "excluded_lines": [], "start_line": 1068, "executed_branches": [], "missing_branches": []}, "create_app.gridtwin_meta": {"executed_lines": [1096], "summary": {"covered_lines": 1, "num_statements": 1, "percent_covered": 100.0, "percent_covered_display": "100", "missing_lines": 0, "excluded_lines": 0, "percent_statements_covered": 100.0, "percent_statements_covered_display": "100", "num_branches": 0, "num_partial_branches": 0, "covered_branches": 0, "missing_branches": 0, "percent_branches_covered": 100.0, "percent_branches_covered_display": "100"}, "missing_lines": [], "excluded_lines": [], "start_line": 1095, "executed_branches": [], "missing_branches": []}, "create_app.run_gridtwin_experiment": {"executed_lines": [1117], "summary": {"covered_lines": 1, "num_statements": 1, "percent_covered": 100.0, "percent_covered_display": "100", "missing_lines": 0, "excluded_lines": 0, "percent_statements_covered": 100.0, "percent_statements_covered_display": "100", "num_branches": 0, "num_partial_branches": 0, "covered_branches": 0, "missing_branches": 0, "percent_branches_covered": 100.0, "percent_branches_covered_display": "100"}, "missing_lines": [], "excluded_lines": [], "start_line": 1112, "executed_branches": [], "missing_branches": []}, "create_app.simulate_gridtwin_attack": {"executed_lines": [1132, 1136], "summary": {"covered_lines": 2, "num_statements": 2, "percent_covered": 100.0, "percent_covered_display": "100", "missing_lines": 0, "excluded_lines": 0, "percent_statements_covered": 100.0, "percent_statements_covered_display": "100", "num_branches": 0, "num_partial_branches": 0, "covered_branches": 0, "missing_branches": 0, "percent_branches_covered": 100.0, "percent_branches_covered_display": "100"}, "missing_lines": [], "excluded_lines": [], "start_line": 1127, "executed_branches": [], "missing_branches": []}, "": {"executed_lines": [1, 3, 4, 5, 6, 7, 8, 9, 11, 12, 13, 14, 15, 16, 17, 19, 20, 27, 32, 64, 65, 66, 72, 77, 82, 87, 88, 89, 90, 91, 94, 99, 100, 103, 122, 134, 135, 138, 141, 144, 1147], "summary": {"covered_lines": 41, "num_statements": 41, "percent_covered": 100.0, "percent_covered_display": "100", "missing_lines": 0, "excluded_lines": 0, "percent_statements_covered": 100.0, "percent_statements_covered_display": "100", "num_branches": 0, "num_partial_branches": 0, "covered_branches": 0, "missing_branches": 0, "percent_branches_covered": 100.0, "percent_branches_covered_display": "100"}, "missing_lines": [], "excluded_lines": [], "start_line": 1, "executed_branches": [], "missing_branches": []}}, "classes": {"": {"executed_lines": [1, 3, 4, 5, 6, 7, 8, 9, 11, 12, 13, 14, 15, 16, 17, 19, 20, 27, 32, 64, 65, 66, 72, 77, 82, 87, 88, 89, 90, 91, 94, 95, 96, 99, 100, 103, 112, 115, 118, 119, 122, 123, 125, 128, 129, 131, 134, 135, 138, 141, 144, 155, 156, 157, 158, 159, 160, 162, 170, 171, 172, 173, 174, 175, 176, 177, 180, 181, 182, 187, 190, 191, 192, 208, 209, 212, 213, 219, 220, 223, 224, 225, 226, 227, 228, 235, 236, 237, 238, 239, 240, 241, 261, 262, 263, 269, 270, 271, 283, 285, 292, 293, 299, 306, 307, 308, 309, 314, 315, 316, 323, 329, 330, 340, 347, 348, 354, 359, 360, 362, 367, 373, 374, 376, 384, 393, 394, 398, 410, 436, 444, 453, 454, 458, 463, 464, 465, 472, 473, 480, 481, 489, 496, 497, 498, 508, 518, 521, 522, 523, 531, 532, 540, 547, 550, 551, 561, 572, 578, 579, 584, 592, 593, 601, 608, 611, 612, 622, 633, 642, 643, 648, 656, 657, 665, 671, 677, 683, 690, 704, 711, 714, 715, 725, 731, 737, 743, 756, 766, 767, 770, 771, 785, 786, 798, 805, 816, 817, 818, 837, 843, 849, 859, 871, 880, 881, 884, 885, 895, 896, 901, 907, 937, 950, 960, 961, 962, 970, 971, 972, 987, 995, 996, 1004, 1015, 1024, 1025, 1026, 1058, 1068, 1071, 1072, 1090, 1095, 1096, 1107, 1112, 1117, 1122, 1127, 1132, 1136, 1144, 1147], "summary": {"covered_lines": 244, "num_statements": 296, "percent_covered": 81.69934640522875, "percent_covered_display": "82", "missing_lines": 52, "excluded_lines": 0, "percent_statements_covered": 82.43243243243244, "percent_statements_covered_display": "82", "num_branches": 10, "num_partial_branches": 2, "covered_branches": 6, "missing_branches": 4, "percent_branches_covered": 60.0, "percent_branches_covered_display": "60"}, "missing_lines": [242, 243, 244, 250, 260, 361, 411, 412, 419, 420, 427, 428, 499, 500, 524, 552, 553, 585, 613, 614, 649, 693, 694, 695, 696, 716, 717, 790, 791, 827, 828, 829, 914, 915, 916, 917, 918, 919, 920, 921, 928, 929, 988, 1032, 1033, 1034, 1049, 1050, 1073, 1074, 1081, 1082], "excluded_lines": [], "start_line": 1, "executed_branches": [[157, 158], [157, 159], [159, 160], [159, 162], [226, 227], [360, 362]], "missing_branches": [[226, 228], [360, 361], [916, 917], [916, 918]]}}}, "aggregator_demo\\approval_repository.py": {"executed_lines": [1, 3, 4, 6, 7, 8, 10, 18, 26, 29, 30, 33, 34, 37, 38, 39, 40, 43, 44, 55, 56, 57, 59, 60, 63, 65, 67, 74, 75, 77, 80, 81, 82, 83, 84, 85, 86, 90, 99, 100, 101, 110, 112, 113, 114, 116, 124, 129, 130, 141, 142, 150, 151, 162, 163, 171, 174, 175, 183, 188, 189, 200, 205, 206, 218, 219, 221, 222, 227, 232, 235], "summary": {"covered_lines": 71, "num_statements": 80, "percent_covered": 85.71428571428571, "percent_covered_display": "86", "missing_lines": 9, "excluded_lines": 0, "percent_statements_covered": 88.75, "percent_statements_covered_display": "89", "num_branches": 32, "num_partial_branches": 5, "covered_branches": 25, "missing_branches": 7, "percent_branches_covered": 78.125, "percent_branches_covered_display": "78"}, "missing_lines": [64, 76, 102, 103, 104, 107, 108, 109, 115], "excluded_lines": [], "executed_branches": [[38, 39], [38, 40], [63, 65], [75, 77], [80, 81], [80, 82], [82, 83], [82, 84], [85, 86], [85, 90], [114, 116], [129, 130], [129, 141], [141, 142], [150, 151], [150, 162], [162, 163], [174, 175], [174, 183], [188, 189], [188, 200], [205, 206], [205, 218], [227, 232], [227, 235]], "missing_branches": [[63, 64], [75, 76], [107, 108], [107, 109], [114, 115], [141, 150], [162, 171]], "functions": {"_as_utc": {"executed_lines": [38, 39, 40], "summary": {"covered_lines": 3, "num_statements": 3, "percent_covered": 100.0, "percent_covered_display": "100", "missing_lines": 0, "excluded_lines": 0, "percent_statements_covered": 100.0, "percent_statements_covered_display": "100", "num_branches": 2, "num_partial_branches": 0, "covered_branches": 2, "missing_branches": 0, "percent_branches_covered": 100.0, "percent_branches_covered_display": "100"}, "missing_lines": [], "excluded_lines": [], "start_line": 37, "executed_branches": [[38, 39], [38, 40]], "missing_branches": []}, "approval_response": {"executed_lines": [44], "summary": {"covered_lines": 1, "num_statements": 1, "percent_covered": 100.0, "percent_covered_display": "100", "missing_lines": 0, "excluded_lines": 0, "percent_statements_covered": 100.0, "percent_statements_covered_display": "100", "num_branches": 0, "num_partial_branches": 0, "covered_branches": 0, "missing_branches": 0, "percent_branches_covered": 100.0, "percent_branches_covered_display": "100"}, "missing_lines": [], "excluded_lines": [], "start_line": 43, "executed_branches": [], "missing_branches": []}, "ApprovalRepository.__init__": {"executed_lines": [57], "summary": {"covered_lines": 1, "num_statements": 1, "percent_covered": 100.0, "percent_covered_display": "100", "missing_lines": 0, "excluded_lines": 0, "percent_statements_covered": 100.0, "percent_statements_covered_display": "100", "num_branches": 0, "num_partial_branches": 0, "covered_branches": 0, "missing_branches": 0, "percent_branches_covered": 100.0, "percent_branches_covered_display": "100"}, "missing_lines": [], "excluded_lines": [], "start_line": 56, "executed_branches": [], "missing_branches": []}, "ApprovalRepository.get": {"executed_lines": [60, 63, 65], "summary": {"covered_lines": 3, "num_statements": 4, "percent_covered": 66.66666666666667, "percent_covered_display": "67", "missing_lines": 1, "excluded_lines": 0, "percent_statements_covered": 75.0, "percent_statements_covered_display": "75", "num_branches": 2, "num_partial_branches": 1, "covered_branches": 1, "missing_branches": 1, "percent_branches_covered": 50.0, "percent_branches_covered_display": "50"}, "missing_lines": [64], "excluded_lines": [], "start_line": 59, "executed_branches": [[63, 65]], "missing_branches": [[63, 64]]}, "ApprovalRepository.create": {"executed_lines": [74, 75, 77, 80, 81, 82, 83, 84, 85, 86, 90, 99, 100, 101, 110], "summary": {"covered_lines": 15, "num_statements": 22, "percent_covered": 68.75, "percent_covered_display": "69", "missing_lines": 7, "excluded_lines": 0, "percent_statements_covered": 68.18181818181819, "percent_statements_covered_display": "68", "num_branches": 10, "num_partial_branches": 1, "covered_branches": 7, "missing_branches": 3, "percent_branches_covered": 70.0, "percent_branches_covered_display": "70"}, "missing_lines": [76, 102, 103, 104, 107, 108, 109], "excluded_lines": [], "start_line": 67, "executed_branches": [[75, 77], [80, 81], [80, 82], [82, 83], [82, 84], [85, 86], [85, 90]], "missing_branches": [[75, 76], [107, 108], [107, 109]]}, "ApprovalRepository.timeline": {"executed_lines": [113, 114, 116, 124, 129, 130, 141, 142, 150, 151, 162, 163, 171, 174, 175, 183, 188, 189, 200, 205, 206, 218, 219], "summary": {"covered_lines": 23, "num_statements": 24, "percent_covered": 90.0, "percent_covered_display": "90", "missing_lines": 1, "excluded_lines": 0, "percent_statements_covered": 95.83333333333333, "percent_statements_covered_display": "96", "num_branches": 16, "num_partial_branches": 3, "covered_branches": 13, "missing_branches": 3, "percent_branches_covered": 81.25, "percent_branches_covered_display": "81"}, "missing_lines": [115], "excluded_lines": [], "start_line": 112, "executed_branches": [[114, 116], [129, 130], [129, 141], [141, 142], [150, 151], [150, 162], [162, 163], [174, 175], [174, 183], [188, 189], [188, 200], [205, 206], [205, 218]], "missing_branches": [[114, 115], [141, 150], [162, 171]]}, "ApprovalRepository._resolve_existing": {"executed_lines": [227, 232, 235], "summary": {"covered_lines": 3, "num_statements": 3, "percent_covered": 100.0, "percent_covered_display": "100", "missing_lines": 0, "excluded_lines": 0, "percent_statements_covered": 100.0, "percent_statements_covered_display": "100", "num_branches": 2, "num_partial_branches": 0, "covered_branches": 2, "missing_branches": 0, "percent_branches_covered": 100.0, "percent_branches_covered_display": "100"}, "missing_lines": [], "excluded_lines": [], "start_line": 222, "executed_branches": [[227, 232], [227, 235]], "missing_branches": []}, "": {"executed_lines": [1, 3, 4, 6, 7, 8, 10, 18, 26, 29, 30, 33, 34, 37, 43, 55, 56, 59, 67, 112, 221, 222], "summary": {"covered_lines": 22, "num_statements": 22, "percent_covered": 100.0, "percent_covered_display": "100", "missing_lines": 0, "excluded_lines": 0, "percent_statements_covered": 100.0, "percent_statements_covered_display": "100", "num_branches": 0, "num_partial_branches": 0, "covered_branches": 0, "missing_branches": 0, "percent_branches_covered": 100.0, "percent_branches_covered_display": "100"}, "missing_lines": [], "excluded_lines": [], "start_line": 1, "executed_branches": [], "missing_branches": []}}, "classes": {"ApprovalNotFoundError": {"executed_lines": [], "summary": {"covered_lines": 0, "num_statements": 0, "percent_covered": 100.0, "percent_covered_display": "100", "missing_lines": 0, "excluded_lines": 0, "percent_statements_covered": 100.0, "percent_statements_covered_display": "100", "num_branches": 0, "num_partial_branches": 0, "covered_branches": 0, "missing_branches": 0, "percent_branches_covered": 100.0, "percent_branches_covered_display": "100"}, "missing_lines": [], "excluded_lines": [], "start_line": 29, "executed_branches": [], "missing_branches": []}, "ApprovalConflictError": {"executed_lines": [], "summary": {"covered_lines": 0, "num_statements": 0, "percent_covered": 100.0, "percent_covered_display": "100", "missing_lines": 0, "excluded_lines": 0, "percent_statements_covered": 100.0, "percent_statements_covered_display": "100", "num_branches": 0, "num_partial_branches": 0, "covered_branches": 0, "missing_branches": 0, "percent_branches_covered": 100.0, "percent_branches_covered_display": "100"}, "missing_lines": [], "excluded_lines": [], "start_line": 33, "executed_branches": [], "missing_branches": []}, "ApprovalRepository": {"executed_lines": [57, 60, 63, 65, 74, 75, 77, 80, 81, 82, 83, 84, 85, 86, 90, 99, 100, 101, 110, 113, 114, 116, 124, 129, 130, 141, 142, 150, 151, 162, 163, 171, 174, 175, 183, 188, 189, 200, 205, 206, 218, 219, 227, 232, 235], "summary": {"covered_lines": 45, "num_statements": 54, "percent_covered": 80.95238095238095, "percent_covered_display": "81", "missing_lines": 9, "excluded_lines": 0, "percent_statements_covered": 83.33333333333333, "percent_statements_covered_display": "83", "num_branches": 30, "num_partial_branches": 5, "covered_branches": 23, "missing_branches": 7, "percent_branches_covered": 76.66666666666667, "percent_branches_covered_display": "77"}, "missing_lines": [64, 76, 102, 103, 104, 107, 108, 109, 115], "excluded_lines": [], "start_line": 55, "executed_branches": [[63, 65], [75, 77], [80, 81], [80, 82], [82, 83], [82, 84], [85, 86], [85, 90], [114, 116], [129, 130], [129, 141], [141, 142], [150, 151], [150, 162], [162, 163], [174, 175], [174, 183], [188, 189], [188, 200], [205, 206], [205, 218], [227, 232], [227, 235]], "missing_branches": [[63, 64], [75, 76], [107, 108], [107, 109], [114, 115], [141, 150], [162, 171]]}, "": {"executed_lines": [1, 3, 4, 6, 7, 8, 10, 18, 26, 29, 30, 33, 34, 37, 38, 39, 40, 43, 44, 55, 56, 59, 67, 112, 221, 222], "summary": {"covered_lines": 26, "num_statements": 26, "percent_covered": 100.0, "percent_covered_display": "100", "missing_lines": 0, "excluded_lines": 0, "percent_statements_covered": 100.0, "percent_statements_covered_display": "100", "num_branches": 2, "num_partial_branches": 0, "covered_branches": 2, "missing_branches": 0, "percent_branches_covered": 100.0, "percent_branches_covered_display": "100"}, "missing_lines": [], "excluded_lines": [], "start_line": 1, "executed_branches": [[38, 39], [38, 40]], "missing_branches": []}}}, "aggregator_demo\\auth.py": {"executed_lines": [1, 3, 4, 5, 6, 7, 8, 11, 12, 13, 16, 17, 18, 19, 20, 23, 24, 25, 26, 27, 30, 31, 32, 33, 36, 37, 38, 39, 40, 43, 44, 50, 58, 59, 60, 61, 63, 64, 65, 66, 67, 68, 71, 72, 74, 75, 76, 77, 78, 79, 80, 83, 87, 89, 90, 91, 93, 95, 101, 102, 103, 109, 111, 112, 113, 118, 119, 120, 121, 122, 123, 128, 131, 132, 133, 134], "summary": {"covered_lines": 76, "num_statements": 81, "percent_covered": 92.5233644859813, "percent_covered_display": "93", "missing_lines": 5, "excluded_lines": 0, "percent_statements_covered": 93.82716049382717, "percent_statements_covered_display": "94", "num_branches": 26, "num_partial_branches": 3, "covered_branches": 23, "missing_branches": 3, "percent_branches_covered": 88.46153846153847, "percent_branches_covered_display": "88"}, "missing_lines": [69, 70, 84, 92, 104], "excluded_lines": [], "executed_branches": [[71, 72], [71, 74], [75, 76], [75, 89], [78, 79], [78, 80], [83, 87], [89, 90], [89, 91], [91, 93], [101, 102], [101, 111], [103, 109], [112, 113], [112, 118], [119, 120], [119, 122], [120, 119], [120, 121], [122, 123], [122, 128], [132, -131], [132, 133]], "missing_branches": [[83, 84], [91, 92], [103, 104]], "functions": {"AuthenticationError.__init__": {"executed_lines": [25, 26, 27], "summary": {"covered_lines": 3, "num_statements": 3, "percent_covered": 100.0, "percent_covered_display": "100", "missing_lines": 0, "excluded_lines": 0, "percent_statements_covered": 100.0, "percent_statements_covered_display": "100", "num_branches": 0, "num_partial_branches": 0, "covered_branches": 0, "missing_branches": 0, "percent_branches_covered": 100.0, "percent_branches_covered_display": "100"}, "missing_lines": [], "excluded_lines": [], "start_line": 24, "executed_branches": [], "missing_branches": []}, "AuthConfig.from_environment": {"executed_lines": [65, 66, 67, 68, 71, 72, 74, 75, 76, 77, 78, 79, 80, 83, 87, 89, 90, 91, 93], "summary": {"covered_lines": 19, "num_statements": 23, "percent_covered": 82.85714285714286, "percent_covered_display": "83", "missing_lines": 4, "excluded_lines": 0, "percent_statements_covered": 82.6086956521739, "percent_statements_covered_display": "83", "num_branches": 12, "num_partial_branches": 2, "covered_branches": 10, "missing_branches": 2, "percent_branches_covered": 83.33333333333333, "percent_branches_covered_display": "83"}, "missing_lines": [69, 70, 84, 92], "excluded_lines": [], "start_line": 64, "executed_branches": [[71, 72], [71, 74], [75, 76], [75, 89], [78, 79], [78, 80], [83, 87], [89, 90], [89, 91], [91, 93]], "missing_branches": [[83, 84], [91, 92]]}, "AuthConfig.authenticate": {"executed_lines": [101, 102, 103, 109, 111, 112, 113, 118, 119, 120, 121, 122, 123, 128], "summary": {"covered_lines": 14, "num_statements": 15, "percent_covered": 92.5925925925926, "percent_covered_display": "93", "missing_lines": 1, "excluded_lines": 0, "percent_statements_covered": 93.33333333333333, "percent_statements_covered_display": "93", "num_branches": 12, "num_partial_branches": 1, "covered_branches": 11, "missing_branches": 1, "percent_branches_covered": 91.66666666666667, "percent_branches_covered_display": "92"}, "missing_lines": [104], "excluded_lines": [], "start_line": 95, "executed_branches": [[101, 102], [101, 111], [103, 109], [112, 113], [112, 118], [119, 120], [119, 122], [120, 119], [120, 121], [122, 123], [122, 128]], "missing_branches": [[103, 104]]}, "require_role": {"executed_lines": [132, 133, 134], "summary": {"covered_lines": 3, "num_statements": 3, "percent_covered": 100.0, "percent_covered_display": "100", "missing_lines": 0, "excluded_lines": 0, "percent_statements_covered": 100.0, "percent_statements_covered_display": "100", "num_branches": 2, "num_partial_branches": 0, "covered_branches": 2, "missing_branches": 0, "percent_branches_covered": 100.0, "percent_branches_covered_display": "100"}, "missing_lines": [], "excluded_lines": [], "start_line": 131, "executed_branches": [[132, -131], [132, 133]], "missing_branches": []}, "": {"executed_lines": [1, 3, 4, 5, 6, 7, 8, 11, 12, 13, 16, 17, 18, 19, 20, 23, 24, 30, 31, 32, 33, 36, 37, 38, 39, 40, 43, 44, 50, 58, 59, 60, 61, 63, 64, 95, 131], "summary": {"covered_lines": 37, "num_statements": 37, "percent_covered": 100.0, "percent_covered_display": "100", "missing_lines": 0, "excluded_lines": 0, "percent_statements_covered": 100.0, "percent_statements_covered_display": "100", "num_branches": 0, "num_partial_branches": 0, "covered_branches": 0, "missing_branches": 0, "percent_branches_covered": 100.0, "percent_branches_covered_display": "100"}, "missing_lines": [], "excluded_lines": [], "start_line": 1, "executed_branches": [], "missing_branches": []}}, "classes": {"AuthMode": {"executed_lines": [], "summary": {"covered_lines": 0, "num_statements": 0, "percent_covered": 100.0, "percent_covered_display": "100", "missing_lines": 0, "excluded_lines": 0, "percent_statements_covered": 100.0, "percent_statements_covered_display": "100", "num_branches": 0, "num_partial_branches": 0, "covered_branches": 0, "missing_branches": 0, "percent_branches_covered": 100.0, "percent_branches_covered_display": "100"}, "missing_lines": [], "excluded_lines": [], "start_line": 11, "executed_branches": [], "missing_branches": []}, "Role": {"executed_lines": [], "summary": {"covered_lines": 0, "num_statements": 0, "percent_covered": 100.0, "percent_covered_display": "100", "missing_lines": 0, "excluded_lines": 0, "percent_statements_covered": 100.0, "percent_statements_covered_display": "100", "num_branches": 0, "num_partial_branches": 0, "covered_branches": 0, "missing_branches": 0, "percent_branches_covered": 100.0, "percent_branches_covered_display": "100"}, "missing_lines": [], "excluded_lines": [], "start_line": 16, "executed_branches": [], "missing_branches": []}, "AuthenticationError": {"executed_lines": [25, 26, 27], "summary": {"covered_lines": 3, "num_statements": 3, "percent_covered": 100.0, "percent_covered_display": "100", "missing_lines": 0, "excluded_lines": 0, "percent_statements_covered": 100.0, "percent_statements_covered_display": "100", "num_branches": 0, "num_partial_branches": 0, "covered_branches": 0, "missing_branches": 0, "percent_branches_covered": 100.0, "percent_branches_covered_display": "100"}, "missing_lines": [], "excluded_lines": [], "start_line": 23, "executed_branches": [], "missing_branches": []}, "Principal": {"executed_lines": [], "summary": {"covered_lines": 0, "num_statements": 0, "percent_covered": 100.0, "percent_covered_display": "100", "missing_lines": 0, "excluded_lines": 0, "percent_statements_covered": 100.0, "percent_statements_covered_display": "100", "num_branches": 0, "num_partial_branches": 0, "covered_branches": 0, "missing_branches": 0, "percent_branches_covered": 100.0, "percent_branches_covered_display": "100"}, "missing_lines": [], "excluded_lines": [], "start_line": 31, "executed_branches": [], "missing_branches": []}, "ServiceAccount": {"executed_lines": [], "summary": {"covered_lines": 0, "num_statements": 0, "percent_covered": 100.0, "percent_covered_display": "100", "missing_lines": 0, "excluded_lines": 0, "percent_statements_covered": 100.0, "percent_statements_covered_display": "100", "num_branches": 0, "num_partial_branches": 0, "covered_branches": 0, "missing_branches": 0, "percent_branches_covered": 100.0, "percent_branches_covered_display": "100"}, "missing_lines": [], "excluded_lines": [], "start_line": 37, "executed_branches": [], "missing_branches": []}, "AuthConfig": {"executed_lines": [65, 66, 67, 68, 71, 72, 74, 75, 76, 77, 78, 79, 80, 83, 87, 89, 90, 91, 93, 101, 102, 103, 109, 111, 112, 113, 118, 119, 120, 121, 122, 123, 128], "summary": {"covered_lines": 33, "num_statements": 38, "percent_covered": 87.09677419354838, "percent_covered_display": "87", "missing_lines": 5, "excluded_lines": 0, "percent_statements_covered": 86.84210526315789, "percent_statements_covered_display": "87", "num_branches": 24, "num_partial_branches": 3, "covered_branches": 21, "missing_branches": 3, "percent_branches_covered": 87.5, "percent_branches_covered_display": "88"}, "missing_lines": [69, 70, 84, 92, 104], "excluded_lines": [], "start_line": 59, "executed_branches": [[71, 72], [71, 74], [75, 76], [75, 89], [78, 79], [78, 80], [83, 87], [89, 90], [89, 91], [91, 93], [101, 102], [101, 111], [103, 109], [112, 113], [112, 118], [119, 120], [119, 122], [120, 119], [120, 121], [122, 123], [122, 128]], "missing_branches": [[83, 84], [91, 92], [103, 104]]}, "": {"executed_lines": [1, 3, 4, 5, 6, 7, 8, 11, 12, 13, 16, 17, 18, 19, 20, 23, 24, 30, 31, 32, 33, 36, 37, 38, 39, 40, 43, 44, 50, 58, 59, 60, 61, 63, 64, 95, 131, 132, 133, 134], "summary": {"covered_lines": 40, "num_statements": 40, "percent_covered": 100.0, "percent_covered_display": "100", "missing_lines": 0, "excluded_lines": 0, "percent_statements_covered": 100.0, "percent_statements_covered_display": "100", "num_branches": 2, "num_partial_branches": 0, "covered_branches": 2, "missing_branches": 0, "percent_branches_covered": 100.0, "percent_branches_covered_display": "100"}, "missing_lines": [], "excluded_lines": [], "start_line": 1, "executed_branches": [[132, -131], [132, 133]], "missing_branches": []}}}, "aggregator_demo\\cli.py": {"executed_lines": [], "summary": {"covered_lines": 0, "num_statements": 8, "percent_covered": 0.0, "percent_covered_display": "0", "missing_lines": 8, "excluded_lines": 0, "percent_statements_covered": 0.0, "percent_statements_covered_display": "0", "num_branches": 2, "num_partial_branches": 0, "covered_branches": 0, "missing_branches": 2, "percent_branches_covered": 0.0, "percent_branches_covered_display": "0"}, "missing_lines": [1, 3, 6, 7, 9, 15, 18, 19], "excluded_lines": [], "executed_branches": [], "missing_branches": [[18, -1], [18, 19]], "functions": {"main": {"executed_lines": [], "summary": {"covered_lines": 0, "num_statements": 3, "percent_covered": 0.0, "percent_covered_display": "0", "missing_lines": 3, "excluded_lines": 0, "percent_statements_covered": 0.0, "percent_statements_covered_display": "0", "num_branches": 0, "num_partial_branches": 0, "covered_branches": 0, "missing_branches": 0, "percent_branches_covered": 100.0, "percent_branches_covered_display": "100"}, "missing_lines": [7, 9, 15], "excluded_lines": [], "start_line": 6, "executed_branches": [], "missing_branches": []}, "": {"executed_lines": [], "summary": {"covered_lines": 0, "num_statements": 5, "percent_covered": 0.0, "percent_covered_display": "0", "missing_lines": 5, "excluded_lines": 0, "percent_statements_covered": 0.0, "percent_statements_covered_display": "0", "num_branches": 2, "num_partial_branches": 0, "covered_branches": 0, "missing_branches": 2, "percent_branches_covered": 0.0, "percent_branches_covered_display": "0"}, "missing_lines": [1, 3, 6, 18, 19], "excluded_lines": [], "start_line": 1, "executed_branches": [], "missing_branches": [[18, -1], [18, 19]]}}, "classes": {"": {"executed_lines": [], "summary": {"covered_lines": 0, "num_statements": 8, "percent_covered": 0.0, "percent_covered_display": "0", "missing_lines": 8, "excluded_lines": 0, "percent_statements_covered": 0.0, "percent_statements_covered_display": "0", "num_branches": 2, "num_partial_branches": 0, "covered_branches": 0, "missing_branches": 2, "percent_branches_covered": 0.0, "percent_branches_covered_display": "0"}, "missing_lines": [1, 3, 6, 7, 9, 15, 18, 19], "excluded_lines": [], "start_line": 1, "executed_branches": [], "missing_branches": [[18, -1], [18, 19]]}}}, "aggregator_demo\\contracts.py": {"executed_lines": [1, 3, 4, 5, 6, 8, 10, 13, 16, 19, 22, 23, 24, 25, 26, 27, 28, 29, 30, 32, 33, 34, 44, 45, 46, 49, 50, 51, 54, 55, 58, 59, 60, 63, 66, 67, 68, 69, 72, 75, 76, 79, 80, 81, 82, 83, 84, 85, 86, 88, 89, 90, 91, 92, 94, 96, 99, 100, 102, 103, 104, 105, 106, 107, 108, 109, 110, 111, 112, 113, 114, 115, 116, 117, 118, 119, 122, 123, 124, 125, 128, 129, 130, 131, 132, 133, 134, 135, 138, 139, 140, 142, 143, 144, 145, 147, 148, 151, 152, 153, 154, 155, 156, 157, 158, 161, 162, 174, 175, 176, 179, 180, 181, 184, 185, 186, 189, 190, 191, 192, 195, 196, 197, 198, 199, 200, 201, 202, 203, 204, 205, 206, 207, 208, 211, 212, 213, 214, 217, 218, 219, 220, 221, 222, 223, 224, 225, 226, 227, 230, 231, 234, 235, 236, 239, 240, 241, 242, 243, 246, 247, 248, 249, 250, 251, 252, 253, 256, 257, 258, 259, 262, 263, 266, 267, 268, 269, 270, 273, 274, 275, 276, 279, 280, 281, 282, 283, 284, 285, 286, 287, 288, 289, 290, 291, 292, 293, 296, 297, 300, 301, 302, 303, 304, 307, 308, 309, 310, 311, 313, 314, 315, 316, 318, 321, 322, 325, 326, 327, 328, 329, 330, 331, 332, 333, 334, 335, 336, 337, 338, 339, 340, 341, 342, 343, 344, 347, 348, 349, 350, 353, 354, 355, 356, 357, 358, 359, 360, 361, 362, 363, 364, 365, 366, 369, 370, 371, 372, 375, 376, 379, 382, 383, 384], "summary": {"covered_lines": 264, "num_statements": 268, "percent_covered": 97.10144927536231, "percent_covered_display": "97", "missing_lines": 4, "excluded_lines": 0, "percent_statements_covered": 98.50746268656717, "percent_statements_covered_display": "99", "num_branches": 8, "num_partial_branches": 4, "covered_branches": 4, "missing_branches": 4, "percent_branches_covered": 50.0, "percent_branches_covered_display": "50"}, "missing_lines": [93, 95, 146, 317], "excluded_lines": [], "executed_branches": [[92, 94], [94, 96], [145, 147], [316, 318]], "missing_branches": [[92, 93], [94, 95], [145, 146], [316, 317]], "functions": {"RunStatus.is_terminal": {"executed_lines": [34], "summary": {"covered_lines": 1, "num_statements": 1, "percent_covered": 100.0, "percent_covered_display": "100", "missing_lines": 0, "excluded_lines": 0, "percent_statements_covered": 100.0, "percent_statements_covered_display": "100", "num_branches": 0, "num_partial_branches": 0, "covered_branches": 0, "missing_branches": 0, "percent_branches_covered": 100.0, "percent_branches_covered_display": "100"}, "missing_lines": [], "excluded_lines": [], "start_line": 33, "executed_branches": [], "missing_branches": []}, "RunCreateRequest.unique_nonempty_scenarios": {"executed_lines": [91, 92, 94, 96], "summary": {"covered_lines": 4, "num_statements": 6, "percent_covered": 60.0, "percent_covered_display": "60", "missing_lines": 2, "excluded_lines": 0, "percent_statements_covered": 66.66666666666667, "percent_statements_covered_display": "67", "num_branches": 4, "num_partial_branches": 2, "covered_branches": 2, "missing_branches": 2, "percent_branches_covered": 50.0, "percent_branches_covered_display": "50"}, "missing_lines": [93, 95], "excluded_lines": [], "start_line": 90, "executed_branches": [[92, 94], [94, 96]], "missing_branches": [[92, 93], [94, 95]]}, "ApprovalCreateRequest.normalize_note": {"executed_lines": [145, 147, 148], "summary": {"covered_lines": 3, "num_statements": 4, "percent_covered": 66.66666666666667, "percent_covered_display": "67", "missing_lines": 1, "excluded_lines": 0, "percent_statements_covered": 75.0, "percent_statements_covered_display": "75", "num_branches": 2, "num_partial_branches": 1, "covered_branches": 1, "missing_branches": 1, "percent_branches_covered": 50.0, "percent_branches_covered_display": "50"}, "missing_lines": [146], "excluded_lines": [], "start_line": 144, "executed_branches": [[145, 147]], "missing_branches": [[145, 146]]}, "DispatchCreateRequest.require_timezone": {"executed_lines": [316, 318], "summary": {"covered_lines": 2, "num_statements": 3, "percent_covered": 60.0, "percent_covered_display": "60", "missing_lines": 1, "excluded_lines": 0, "percent_statements_covered": 66.66666666666667, "percent_statements_covered_display": "67", "num_branches": 2, "num_partial_branches": 1, "covered_branches": 1, "missing_branches": 1, "percent_branches_covered": 50.0, "percent_branches_covered_display": "50"}, "missing_lines": [317], "excluded_lines": [], "start_line": 315, "executed_branches": [[316, 318]], "missing_branches": [[316, 317]]}, "": {"executed_lines": [1, 3, 4, 5, 6, 8, 10, 13, 16, 19, 22, 23, 24, 25, 26, 27, 28, 29, 30, 32, 33, 44, 45, 46, 49, 50, 51, 54, 55, 58, 59, 60, 63, 66, 67, 68, 69, 72, 75, 76, 79, 80, 81, 82, 83, 84, 85, 86, 88, 89, 90, 99, 100, 102, 103, 104, 105, 106, 107, 108, 109, 110, 111, 112, 113, 114, 115, 116, 117, 118, 119, 122, 123, 124, 125, 128, 129, 130, 131, 132, 133, 134, 135, 138, 139, 140, 142, 143, 144, 151, 152, 153, 154, 155, 156, 157, 158, 161, 162, 174, 175, 176, 179, 180, 181, 184, 185, 186, 189, 190, 191, 192, 195, 196, 197, 198, 199, 200, 201, 202, 203, 204, 205, 206, 207, 208, 211, 212, 213, 214, 217, 218, 219, 220, 221, 222, 223, 224, 225, 226, 227, 230, 231, 234, 235, 236, 239, 240, 241, 242, 243, 246, 247, 248, 249, 250, 251, 252, 253, 256, 257, 258, 259, 262, 263, 266, 267, 268, 269, 270, 273, 274, 275, 276, 279, 280, 281, 282, 283, 284, 285, 286, 287, 288, 289, 290, 291, 292, 293, 296, 297, 300, 301, 302, 303, 304, 307, 308, 309, 310, 311, 313, 314, 315, 321, 322, 325, 326, 327, 328, 329, 330, 331, 332, 333, 334, 335, 336, 337, 338, 339, 340, 341, 342, 343, 344, 347, 348, 349, 350, 353, 354, 355, 356, 357, 358, 359, 360, 361, 362, 363, 364, 365, 366, 369, 370, 371, 372, 375, 376, 379, 382, 383, 384], "summary": {"covered_lines": 254, "num_statements": 254, "percent_covered": 100.0, "percent_covered_display": "100", "missing_lines": 0, "excluded_lines": 0, "percent_statements_covered": 100.0, "percent_statements_covered_display": "100", "num_branches": 0, "num_partial_branches": 0, "covered_branches": 0, "missing_branches": 0, "percent_branches_covered": 100.0, "percent_branches_covered_display": "100"}, "missing_lines": [], "excluded_lines": [], "start_line": 1, "executed_branches": [], "missing_branches": []}}, "classes": {"StrictContract": {"executed_lines": [], "summary": {"covered_lines": 0, "num_statements": 0, "percent_covered": 100.0, "percent_covered_display": "100", "missing_lines": 0, "excluded_lines": 0, "percent_statements_covered": 100.0, "percent_statements_covered_display": "100", "num_branches": 0, "num_partial_branches": 0, "covered_branches": 0, "missing_branches": 0, "percent_branches_covered": 100.0, "percent_branches_covered_display": "100"}, "missing_lines": [], "excluded_lines": [], "start_line": 13, "executed_branches": [], "missing_branches": []}, "RunStatus": {"executed_lines": [34], "summary": {"covered_lines": 1, "num_statements": 1, "percent_covered": 100.0, "percent_covered_display": "100", "missing_lines": 0, "excluded_lines": 0, "percent_statements_covered": 100.0, "percent_statements_covered_display": "100", "num_branches": 0, "num_partial_branches": 0, "covered_branches": 0, "missing_branches": 0, "percent_branches_covered": 100.0, "percent_branches_covered_display": "100"}, "missing_lines": [], "excluded_lines": [], "start_line": 19, "executed_branches": [], "missing_branches": []}, "RunType": {"executed_lines": [], "summary": {"covered_lines": 0, "num_statements": 0, "percent_covered": 100.0, "percent_covered_display": "100", "missing_lines": 0, "excluded_lines": 0, "percent_statements_covered": 100.0, "percent_statements_covered_display": "100", "num_branches": 0, "num_partial_branches": 0, "covered_branches": 0, "missing_branches": 0, "percent_branches_covered": 100.0, "percent_branches_covered_display": "100"}, "missing_lines": [], "excluded_lines": [], "start_line": 44, "executed_branches": [], "missing_branches": []}, "OptimizationMode": {"executed_lines": [], "summary": {"covered_lines": 0, "num_statements": 0, "percent_covered": 100.0, "percent_covered_display": "100", "missing_lines": 0, "excluded_lines": 0, "percent_statements_covered": 100.0, "percent_statements_covered_display": "100", "num_branches": 0, "num_partial_branches": 0, "covered_branches": 0, "missing_branches": 0, "percent_branches_covered": 100.0, "percent_branches_covered_display": "100"}, "missing_lines": [], "excluded_lines": [], "start_line": 49, "executed_branches": [], "missing_branches": []}, "AgentBackend": {"executed_lines": [], "summary": {"covered_lines": 0, "num_statements": 0, "percent_covered": 100.0, "percent_covered_display": "100", "missing_lines": 0, "excluded_lines": 0, "percent_statements_covered": 100.0, "percent_statements_covered_display": "100", "num_branches": 0, "num_partial_branches": 0, "covered_branches": 0, "missing_branches": 0, "percent_branches_covered": 100.0, "percent_branches_covered_display": "100"}, "missing_lines": [], "excluded_lines": [], "start_line": 54, "executed_branches": [], "missing_branches": []}, "ApprovalDecision": {"executed_lines": [], "summary": {"covered_lines": 0, "num_statements": 0, "percent_covered": 100.0, "percent_covered_display": "100", "missing_lines": 0, "excluded_lines": 0, "percent_statements_covered": 100.0, "percent_statements_covered_display": "100", "num_branches": 0, "num_partial_branches": 0, "covered_branches": 0, "missing_branches": 0, "percent_branches_covered": 100.0, "percent_branches_covered_display": "100"}, "missing_lines": [], "excluded_lines": [], "start_line": 58, "executed_branches": [], "missing_branches": []}, "NoticeScenario": {"executed_lines": [], "summary": {"covered_lines": 0, "num_statements": 0, "percent_covered": 100.0, "percent_covered_display": "100", "missing_lines": 0, "excluded_lines": 0, "percent_statements_covered": 100.0, "percent_statements_covered_display": "100", "num_branches": 0, "num_partial_branches": 0, "covered_branches": 0, "missing_branches": 0, "percent_branches_covered": 100.0, "percent_branches_covered_display": "100"}, "missing_lines": [], "excluded_lines": [], "start_line": 63, "executed_branches": [], "missing_branches": []}, "FailureDrillType": {"executed_lines": [], "summary": {"covered_lines": 0, "num_statements": 0, "percent_covered": 100.0, "percent_covered_display": "100", "missing_lines": 0, "excluded_lines": 0, "percent_statements_covered": 100.0, "percent_statements_covered_display": "100", "num_branches": 0, "num_partial_branches": 0, "covered_branches": 0, "missing_branches": 0, "percent_branches_covered": 100.0, "percent_branches_covered_display": "100"}, "missing_lines": [], "excluded_lines": [], "start_line": 72, "executed_branches": [], "missing_branches": []}, "RunCreateRequest": {"executed_lines": [91, 92, 94, 96], "summary": {"covered_lines": 4, "num_statements": 6, "percent_covered": 60.0, "percent_covered_display": "60", "missing_lines": 2, "excluded_lines": 0, "percent_statements_covered": 66.66666666666667, "percent_statements_covered_display": "67", "num_branches": 4, "num_partial_branches": 2, "covered_branches": 2, "missing_branches": 2, "percent_branches_covered": 50.0, "percent_branches_covered_display": "50"}, "missing_lines": [93, 95], "excluded_lines": [], "start_line": 79, "executed_branches": [[92, 94], [94, 96]], "missing_branches": [[92, 93], [94, 95]]}, "RunResponse": {"executed_lines": [], "summary": {"covered_lines": 0, "num_statements": 0, "percent_covered": 100.0, "percent_covered_display": "100", "missing_lines": 0, "excluded_lines": 0, "percent_statements_covered": 100.0, "percent_statements_covered_display": "100", "num_branches": 0, "num_partial_branches": 0, "covered_branches": 0, "missing_branches": 0, "percent_branches_covered": 100.0, "percent_branches_covered_display": "100"}, "missing_lines": [], "excluded_lines": [], "start_line": 99, "executed_branches": [], "missing_branches": []}, "RunListResponse": {"executed_lines": [], "summary": {"covered_lines": 0, "num_statements": 0, "percent_covered": 100.0, "percent_covered_display": "100", "missing_lines": 0, "excluded_lines": 0, "percent_statements_covered": 100.0, "percent_statements_covered_display": "100", "num_branches": 0, "num_partial_branches": 0, "covered_branches": 0, "missing_branches": 0, "percent_branches_covered": 100.0, "percent_branches_covered_display": "100"}, "missing_lines": [], "excluded_lines": [], "start_line": 122, "executed_branches": [], "missing_branches": []}, "RunResultResponse": {"executed_lines": [], "summary": {"covered_lines": 0, "num_statements": 0, "percent_covered": 100.0, "percent_covered_display": "100", "missing_lines": 0, "excluded_lines": 0, "percent_statements_covered": 100.0, "percent_statements_covered_display": "100", "num_branches": 0, "num_partial_branches": 0, "covered_branches": 0, "missing_branches": 0, "percent_branches_covered": 100.0, "percent_branches_covered_display": "100"}, "missing_lines": [], "excluded_lines": [], "start_line": 128, "executed_branches": [], "missing_branches": []}, "ApprovalCreateRequest": {"executed_lines": [145, 147, 148], "summary": {"covered_lines": 3, "num_statements": 4, "percent_covered": 66.66666666666667, "percent_covered_display": "67", "missing_lines": 1, "excluded_lines": 0, "percent_statements_covered": 75.0, "percent_statements_covered_display": "75", "num_branches": 2, "num_partial_branches": 1, "covered_branches": 1, "missing_branches": 1, "percent_branches_covered": 50.0, "percent_branches_covered_display": "50"}, "missing_lines": [146], "excluded_lines": [], "start_line": 138, "executed_branches": [[145, 147]], "missing_branches": [[145, 146]]}, "ApprovalResponse": {"executed_lines": [], "summary": {"covered_lines": 0, "num_statements": 0, "percent_covered": 100.0, "percent_covered_display": "100", "missing_lines": 0, "excluded_lines": 0, "percent_statements_covered": 100.0, "percent_statements_covered_display": "100", "num_branches": 0, "num_partial_branches": 0, "covered_branches": 0, "missing_branches": 0, "percent_branches_covered": 100.0, "percent_branches_covered_display": "100"}, "missing_lines": [], "excluded_lines": [], "start_line": 151, "executed_branches": [], "missing_branches": []}, "AuditEventResponse": {"executed_lines": [], "summary": {"covered_lines": 0, "num_statements": 0, "percent_covered": 100.0, "percent_covered_display": "100", "missing_lines": 0, "excluded_lines": 0, "percent_statements_covered": 100.0, "percent_statements_covered_display": "100", "num_branches": 0, "num_partial_branches": 0, "covered_branches": 0, "missing_branches": 0, "percent_branches_covered": 100.0, "percent_branches_covered_display": "100"}, "missing_lines": [], "excluded_lines": [], "start_line": 161, "executed_branches": [], "missing_branches": []}, "RunTimelineResponse": {"executed_lines": [], "summary": {"covered_lines": 0, "num_statements": 0, "percent_covered": 100.0, "percent_covered_display": "100", "missing_lines": 0, "excluded_lines": 0, "percent_statements_covered": 100.0, "percent_statements_covered_display": "100", "num_branches": 0, "num_partial_branches": 0, "covered_branches": 0, "missing_branches": 0, "percent_branches_covered": 100.0, "percent_branches_covered_display": "100"}, "missing_lines": [], "excluded_lines": [], "start_line": 179, "executed_branches": [], "missing_branches": []}, "NoticeCreateRequest": {"executed_lines": [], "summary": {"covered_lines": 0, "num_statements": 0, "percent_covered": 100.0, "percent_covered_display": "100", "missing_lines": 0, "excluded_lines": 0, "percent_statements_covered": 100.0, "percent_statements_covered_display": "100", "num_branches": 0, "num_partial_branches": 0, "covered_branches": 0, "missing_branches": 0, "percent_branches_covered": 100.0, "percent_branches_covered_display": "100"}, "missing_lines": [], "excluded_lines": [], "start_line": 184, "executed_branches": [], "missing_branches": []}, "FailureDrillCreateRequest": {"executed_lines": [], "summary": {"covered_lines": 0, "num_statements": 0, "percent_covered": 100.0, "percent_covered_display": "100", "missing_lines": 0, "excluded_lines": 0, "percent_statements_covered": 100.0, "percent_statements_covered_display": "100", "num_branches": 0, "num_partial_branches": 0, "covered_branches": 0, "missing_branches": 0, "percent_branches_covered": 100.0, "percent_branches_covered_display": "100"}, "missing_lines": [], "excluded_lines": [], "start_line": 189, "executed_branches": [], "missing_branches": []}, "NoticeResponse": {"executed_lines": [], "summary": {"covered_lines": 0, "num_statements": 0, "percent_covered": 100.0, "percent_covered_display": "100", "missing_lines": 0, "excluded_lines": 0, "percent_statements_covered": 100.0, "percent_statements_covered_display": "100", "num_branches": 0, "num_partial_branches": 0, "covered_branches": 0, "missing_branches": 0, "percent_branches_covered": 100.0, "percent_branches_covered_display": "100"}, "missing_lines": [], "excluded_lines": [], "start_line": 195, "executed_branches": [], "missing_branches": []}, "NoticeListResponse": {"executed_lines": [], "summary": {"covered_lines": 0, "num_statements": 0, "percent_cov
[...]
 "missing_branches": 13, "percent_branches_covered": 72.91666666666667, "percent_branches_covered_display": "73"}, "missing_lines": [127, 128, 129, 130, 131, 132, 133, 134, 193, 194, 248, 277, 281, 287, 303, 317, 318, 319, 320, 358, 382], "excluded_lines": [], "start_line": 90, "executed_branches": [[102, 103], [102, 107], [104, 105], [104, 107], [152, 153], [152, 154], [166, 167], [173, 174], [173, 175], [191, 192], [237, 238], [237, 247], [247, 251], [271, 278], [280, 288], [302, 304], [315, 316], [315, 331], [316, 324], [331, 332], [331, 333], [338, 339], [338, 340], [357, 359], [359, 360], [359, 364], [367, 368], [367, 369], [369, 370], [369, 371], [371, 372], [371, 374], [381, 383], [392, 393], [392, 396]], "missing_branches": [[129, 130], [129, 131], [132, 133], [132, 134], [166, 194], [191, 193], [247, 248], [271, 277], [280, 281], [302, 303], [316, 317], [357, 358], [381, 382]]}, "": {"executed_lines": [1, 3, 4, 5, 6, 8, 9, 10, 12, 13, 16, 17, 20, 21, 24, 52, 53, 58, 61, 62, 63, 64, 67, 68, 90, 91, 94, 137, 140, 149, 164, 196, 203, 219, 263, 296, 335, 347, 379, 385, 390, 391], "summary": {"covered_lines": 42, "num_statements": 42, "percent_covered": 100.0, "percent_covered_display": "100", "missing_lines": 0, "excluded_lines": 0, "percent_statements_covered": 100.0, "percent_statements_covered_display": "100", "num_branches": 2, "num_partial_branches": 0, "covered_branches": 2, "missing_branches": 0, "percent_branches_covered": 100.0, "percent_branches_covered_display": "100"}, "missing_lines": [], "excluded_lines": [], "start_line": 1, "executed_branches": [[62, 63], [62, 64]], "missing_branches": []}}}, "aggregator_demo\\security_monitor.py": {"executed_lines": [1, 3, 4, 5, 6, 7, 8, 11, 13, 14, 20, 21, 24, 25, 28, 29, 30, 31, 32, 39, 40, 66, 69, 78, 85], "summary": {"covered_lines": 25, "num_statements": 54, "percent_covered": 43.93939393939394, "percent_covered_display": "44", "missing_lines": 29, "excluded_lines": 0, "percent_statements_covered": 46.2962962962963, "percent_statements_covered_display": "46", "num_branches": 12, "num_partial_branches": 2, "covered_branches": 4, "missing_branches": 8, "percent_branches_covered": 33.333333333333336, "percent_branches_covered_display": "33"}, "missing_lines": [41, 42, 43, 44, 45, 46, 47, 49, 52, 53, 54, 55, 56, 61, 62, 63, 64, 67, 70, 71, 72, 73, 74, 75, 79, 80, 81, 82, 86], "excluded_lines": [], "executed_branches": [[14, 20], [14, 21], [30, 31], [85, -1]], "missing_branches": [[30, 32], [41, 42], [41, 44], [44, 45], [44, 47], [61, 62], [61, 64], [85, 86]], "functions": {"validate_api_url": {"executed_lines": [13, 14, 20, 21], "summary": {"covered_lines": 4, "num_statements": 4, "percent_covered": 100.0, "percent_covered_display": "100", "missing_lines": 0, "excluded_lines": 0, "percent_statements_covered": 100.0, "percent_statements_covered_display": "100", "num_branches": 2, "num_partial_branches": 0, "covered_branches": 2, "missing_branches": 0, "percent_branches_covered": 100.0, "percent_branches_covered_display": "100"}, "missing_lines": [], "excluded_lines": [], "start_line": 11, "executed_branches": [[14, 20], [14, 21]], "missing_branches": []}, "security_events_request": {"executed_lines": [29, 30, 31, 32], "summary": {"covered_lines": 4, "num_statements": 4, "percent_covered": 83.33333333333333, "percent_covered_display": "83", "missing_lines": 0, "excluded_lines": 0, "percent_statements_covered": 100.0, "percent_statements_covered_display": "100", "num_branches": 2, "num_partial_branches": 1, "covered_branches": 1, "missing_branches": 1, "percent_branches_covered": 50.0, "percent_branches_covered_display": "50"}, "missing_lines": [], "excluded_lines": [], "start_line": 28, "executed_branches": [[30, 31]], "missing_branches": [[30, 32]]}, "MonitorHandler.do_GET": {"executed_lines": [], "summary": {"covered_lines": 0, "num_statements": 17, "percent_covered": 0.0, "percent_covered_display": "0", "missing_lines": 17, "excluded_lines": 0, "percent_statements_covered": 0.0, "percent_statements_covered_display": "0", "num_branches": 6, "num_partial_branches": 0, "covered_branches": 0, "missing_branches": 6, "percent_branches_covered": 0.0, "percent_branches_covered_display": "0"}, "missing_lines": [41, 42, 43, 44, 45, 46, 47, 49, 52, 53, 54, 55, 56, 61, 62, 63, 64], "excluded_lines": [], "start_line": 40, "executed_branches": [], "missing_branches": [[41, 42], [41, 44], [44, 45], [44, 47], [61, 62], [61, 64]]}, "MonitorHandler.log_message": {"executed_lines": [], "summary": {"covered_lines": 0, "num_statements": 1, "percent_covered": 0.0, "percent_covered_display": "0", "missing_lines": 1, "excluded_lines": 0, "percent_statements_covered": 0.0, "percent_statements_covered_display": "0", "num_branches": 0, "num_partial_branches": 0, "covered_branches": 0, "missing_branches": 0, "percent_branches_covered": 100.0, "percent_branches_covered_display": "100"}, "missing_lines": [67], "excluded_lines": [], "start_line": 66, "executed_branches": [], "missing_branches": []}, "MonitorHandler._json": {"executed_lines": [], "summary": {"covered_lines": 0, "num_statements": 6, "percent_covered": 0.0, "percent_covered_display": "0", "missing_lines": 6, "excluded_lines": 0, "percent_statements_covered": 0.0, "percent_statements_covered_display": "0", "num_branches": 0, "num_partial_branches": 0, "covered_branches": 0, "missing_branches": 0, "percent_branches_covered": 100.0, "percent_branches_covered_display": "100"}, "missing_lines": [70, 71, 72, 73, 74, 75], "excluded_lines": [], "start_line": 69, "executed_branches": [], "missing_branches": []}, "main": {"executed_lines": [], "summary": {"covered_lines": 0, "num_statements": 4, "percent_covered": 0.0, "percent_covered_display": "0", "missing_lines": 4, "excluded_lines": 0, "percent_statements_covered": 0.0, "percent_statements_covered_display": "0", "num_branches": 0, "num_partial_branches": 0, "covered_branches": 0, "missing_branches": 0, "percent_branches_covered": 100.0, "percent_branches_covered_display": "100"}, "missing_lines": [79, 80, 81, 82], "excluded_lines": [], "start_line": 78, "executed_branches": [], "missing_branches": []}, "": {"executed_lines": [1, 3, 4, 5, 6, 7, 8, 11, 24, 25, 28, 39, 40, 66, 69, 78, 85], "summary": {"covered_lines": 17, "num_statements": 18, "percent_covered": 90.0, "percent_covered_display": "90", "missing_lines": 1, "excluded_lines": 0, "percent_statements_covered": 94.44444444444444, "percent_statements_covered_display": "94", "num_branches": 2, "num_partial_branches": 1, "covered_branches": 1, "missing_branches": 1, "percent_branches_covered": 50.0, "percent_branches_covered_display": "50"}, "missing_lines": [86], "excluded_lines": [], "start_line": 1, "executed_branches": [[85, -1]], "missing_branches": [[85, 86]]}}, "classes": {"MonitorHandler": {"executed_lines": [], "summary": {"covered_lines": 0, "num_statements": 24, "percent_covered": 0.0, "percent_covered_display": "0", "missing_lines": 24, "excluded_lines": 0, "percent_statements_covered": 0.0, "percent_statements_covered_display": "0", "num_branches": 6, "num_partial_branches": 0, "covered_branches": 0, "missing_branches": 6, "percent_branches_covered": 0.0, "percent_branches_covered_display": "0"}, "missing_lines": [41, 42, 43, 44, 45, 46, 47, 49, 52, 53, 54, 55, 56, 61, 62, 63, 64, 67, 70, 71, 72, 73, 74, 75], "excluded_lines": [], "start_line": 39, "executed_branches": [], "missing_branches": [[41, 42], [41, 44], [44, 45], [44, 47], [61, 62], [61, 64]]}, "": {"executed_lines": [1, 3, 4, 5, 6, 7, 8, 11, 13, 14, 20, 21, 24, 25, 28, 29, 30, 31, 32, 39, 40, 66, 69, 78, 85], "summary": {"covered_lines": 25, "num_statements": 30, "percent_covered": 80.55555555555556, "percent_covered_display": "81", "missing_lines": 5, "excluded_lines": 0, "percent_statements_covered": 83.33333333333333, "percent_statements_covered_display": "83", "num_branches": 6, "num_partial_branches": 2, "covered_branches": 4, "missing_branches": 2, "percent_branches_covered": 66.66666666666667, "percent_branches_covered_display": "67"}, "missing_lines": [79, 80, 81, 82, 86], "excluded_lines": [], "start_line": 1, "executed_branches": [[14, 20], [14, 21], [30, 31], [85, -1]], "missing_branches": [[30, 32], [85, 86]]}}}, "aggregator_demo\\settings.py": {"executed_lines": [1, 3, 4, 5, 6, 8, 9, 12, 13, 14, 15, 16, 17, 18, 19, 20, 23, 24, 25, 26, 27, 29, 30, 39, 42, 43, 44, 46, 49, 50, 51, 52, 53, 54, 55, 56, 57, 59, 60, 63, 64, 65, 67, 68, 70, 93, 94, 95], "summary": {"covered_lines": 48, "num_statements": 52, "percent_covered": 87.5, "percent_covered_display": "88", "missing_lines": 4, "excluded_lines": 0, "percent_statements_covered": 92.3076923076923, "percent_statements_covered_display": "92", "num_branches": 20, "num_partial_branches": 5, "covered_branches": 15, "missing_branches": 5, "percent_branches_covered": 75.0, "percent_branches_covered_display": "75"}, "missing_lines": [28, 45, 66, 69], "excluded_lines": [], "executed_branches": [[13, 14], [13, 15], [16, 17], [16, 18], [18, 19], [18, 20], [25, 26], [25, 44], [27, 29], [30, 39], [30, 42], [42, 43], [44, 46], [65, 67], [68, 70]], "missing_branches": [[27, 28], [42, 25], [44, 45], [65, 66], [68, 69]], "functions": {"parse_boolean": {"executed_lines": [13, 14, 15, 16, 17, 18, 19, 20], "summary": {"covered_lines": 8, "num_statements": 8, "percent_covered": 100.0, "percent_covered_display": "100", "missing_lines": 0, "excluded_lines": 0, "percent_statements_covered": 100.0, "percent_statements_covered_display": "100", "num_branches": 6, "num_partial_branches": 0, "covered_branches": 6, "missing_branches": 0, "percent_branches_covered": 100.0, "percent_branches_covered_display": "100"}, "missing_lines": [], "excluded_lines": [], "start_line": 12, "executed_branches": [[13, 14], [13, 15], [16, 17], [16, 18], [18, 19], [18, 20]], "missing_branches": []}, "parse_origins": {"executed_lines": [24, 25, 26, 27, 29, 30, 39, 42, 43, 44, 46], "summary": {"covered_lines": 11, "num_statements": 13, "percent_covered": 78.26086956521739, "percent_covered_display": "78", "missing_lines": 2, "excluded_lines": 0, "percent_statements_covered": 84.61538461538461, "percent_statements_covered_display": "85", "num_branches": 10, "num_partial_branches": 3, "covered_branches": 7, "missing_branches": 3, "percent_branches_covered": 70.0, "percent_branches_covered_display": "70"}, "missing_lines": [28, 45], "excluded_lines": [], "start_line": 23, "executed_branches": [[25, 26], [25, 44], [27, 29], [30, 39], [30, 42], [42, 43], [44, 46]], "missing_branches": [[27, 28], [42, 25], [44, 45]]}, "RuntimeSettings.from_environment": {"executed_lines": [63, 64, 65, 67, 68, 70], "summary": {"covered_lines": 6, "num_statements": 8, "percent_covered": 66.66666666666667, "percent_covered_display": "67", "missing_lines": 2, "excluded_lines": 0, "percent_statements_covered": 75.0, "percent_statements_covered_display": "75", "num_branches": 4, "num_partial_branches": 2, "covered_branches": 2, "missing_branches": 2, "percent_branches_covered": 50.0, "percent_branches_covered_display": "50"}, "missing_lines": [66, 69], "excluded_lines": [], "start_line": 60, "executed_branches": [[65, 67], [68, 70]], "missing_branches": [[65, 66], [68, 69]]}, "RuntimeSettings.safe_summary": {"executed_lines": [94, 95], "summary": {"covered_lines": 2, "num_statements": 2, "percent_covered": 100.0, "percent_covered_display": "100", "missing_lines": 0, "excluded_lines": 0, "percent_statements_covered": 100.0, "percent_statements_covered_display": "100", "num_branches": 0, "num_partial_branches": 0, "covered_branches": 0, "missing_branches": 0, "percent_branches_covered": 100.0, "percent_branches_covered_display": "100"}, "missing_lines": [], "excluded_lines": [], "start_line": 93, "executed_branches": [], "missing_branches": []}, "": {"executed_lines": [1, 3, 4, 5, 6, 8, 9, 12, 23, 49, 50, 51, 52, 53, 54, 55, 56, 57, 59, 60, 93], "summary": {"covered_lines": 21, "num_statements": 21, "percent_covered": 100.0, "percent_covered_display": "100", "missing_lines": 0, "excluded_lines": 0, "percent_statements_covered": 100.0, "percent_statements_covered_display": "100", "num_branches": 0, "num_partial_branches": 0, "covered_branches": 0, "missing_branches": 0, "percent_branches_covered": 100.0, "percent_branches_covered_display": "100"}, "missing_lines": [], "excluded_lines": [], "start_line": 1, "executed_branches": [], "missing_branches": []}}, "classes": {"RuntimeSettings": {"executed_lines": [63, 64, 65, 67, 68, 70, 94, 95], "summary": {"covered_lines": 8, "num_statements": 10, "percent_covered": 71.42857142857143, "percent_covered_display": "71", "missing_lines": 2, "excluded_lines": 0, "percent_statements_covered": 80.0, "percent_statements_covered_display": "80", "num_branches": 4, "num_partial_branches": 2, "covered_branches": 2, "missing_branches": 2, "percent_branches_covered": 50.0, "percent_branches_covered_display": "50"}, "missing_lines": [66, 69], "excluded_lines": [], "start_line": 50, "executed_branches": [[65, 67], [68, 70]], "missing_branches": [[65, 66], [68, 69]]}, "": {"executed_lines": [1, 3, 4, 5, 6, 8, 9, 12, 13, 14, 15, 16, 17, 18, 19, 20, 23, 24, 25, 26, 27, 29, 30, 39, 42, 43, 44, 46, 49, 50, 51, 52, 53, 54, 55, 56, 57, 59, 60, 93], "summary": {"covered_lines": 40, "num_statements": 42, "percent_covered": 91.37931034482759, "percent_covered_display": "91", "missing_lines": 2, "excluded_lines": 0, "percent_statements_covered": 95.23809523809524, "percent_statements_covered_display": "95", "num_branches": 16, "num_partial_branches": 3, "covered_branches": 13, "missing_branches": 3, "percent_branches_covered": 81.25, "percent_branches_covered_display": "81"}, "missing_lines": [28, 45], "excluded_lines": [], "start_line": 1, "executed_branches": [[13, 14], [13, 15], [16, 17], [16, 18], [18, 19], [18, 20], [25, 26], [25, 44], [27, 29], [30, 39], [30, 42], [42, 43], [44, 46]], "missing_branches": [[27, 28], [42, 25], [44, 45]]}}}, "aggregator_demo\\worker.py": {"executed_lines": [1, 3, 4, 5, 6, 7, 8, 10, 11, 12, 13, 14, 21, 22, 25, 28, 32, 39, 40, 41, 42, 43, 44, 45, 46, 49, 50, 51, 52, 53, 54, 58, 59, 63, 67, 71, 72, 73, 74, 75, 76, 77, 78, 79, 84, 90, 91, 92, 93, 97, 111, 112, 114, 123, 130, 131, 137, 138, 144, 145, 172, 173, 182, 184, 187, 208], "summary": {"covered_lines": 66, "num_statements": 94, "percent_covered": 69.35483870967742, "percent_covered_display": "69", "missing_lines": 28, "excluded_lines": 0, "percent_statements_covered": 70.2127659574468, "percent_statements_covered_display": "70", "num_branches": 30, "num_partial_branches": 6, "covered_branches": 20, "missing_branches": 10, "percent_branches_covered": 66.66666666666667, "percent_branches_covered_display": "67"}, "missing_lines": [29, 60, 64, 81, 94, 108, 124, 151, 152, 158, 159, 165, 166, 188, 189, 190, 191, 192, 193, 194, 195, 196, 197, 202, 203, 204, 205, 209], "excluded_lines": [], "executed_branches": [[45, 46], [45, 49], [52, 53], [52, 54], [59, 63], [63, 67], [71, 72], [71, 90], [72, 73], [72, 74], [74, 75], [74, 78], [75, 76], [75, 77], [78, 79], [90, 91], [93, 97], [111, 112], [111, 114], [208, -1]], "missing_branches": [[59, 60], [63, 64], [78, 81], [90, 108], [93, 94], [202, 203], [202, 204], [204, 196], [204, 205], [208, 209]], "functions": {"worker_identity": {"executed_lines": [], "summary": {"covered_lines": 0, "num_statements": 1, "percent_covered": 0.0, "percent_covered_display": "0", "missing_lines": 1, "excluded_lines": 0, "percent_statements_covered": 0.0, "percent_statements_covered_display": "0", "num_branches": 0, "num_partial_branches": 0, "covered_branches": 0, "missing_branches": 0, "percent_branches_covered": 100.0, "percent_branches_covered_display": "100"}, "missing_lines": [29], "excluded_lines": [], "start_line": 28, "executed_branches": [], "missing_branches": []}, "execute_one": {"executed_lines": [39, 40, 41, 42, 43, 44, 45, 46, 49, 50, 51, 52, 53, 54, 58, 59, 63, 67, 71, 72, 73, 74, 75, 76, 77, 78, 79, 84, 90, 91, 92, 93, 97, 111, 112, 114, 123, 130, 131, 137, 138, 144, 145, 172, 173, 182, 184], "summary": {"covered_lines": 47, "num_statements": 59, "percent_covered": 79.51807228915662, "percent_covered_display": "80", "missing_lines": 12, "excluded_lines": 0, "percent_statements_covered": 79.66101694915254, "percent_statements_covered_display": "80", "num_branches": 24, "num_partial_branches": 5, "covered_branches": 19, "missing_branches": 5, "percent_branches_covered": 79.16666666666667, "percent_branches_covered_display": "79"}, "missing_lines": [60, 64, 81, 94, 108, 124, 151, 152, 158, 159, 165, 166], "excluded_lines": [], "start_line": 32, "executed_branches": [[45, 46], [45, 49], [52, 53], [52, 54], [59, 63], [63, 67], [71, 72], [71, 90], [72, 73], [72, 74], [74, 75], [74, 78], [75, 76], [75, 77], [78, 79], [90, 91], [93, 97], [111, 112], [111, 114]], "missing_branches": [[59, 60], [63, 64], [78, 81], [90, 108], [93, 94]]}, "main": {"executed_lines": [], "summary": {"covered_lines": 0, "num_statements": 14, "percent_covered": 0.0, "percent_covered_display": "0", "missing_lines": 14, "excluded_lines": 0, "percent_statements_covered": 0.0, "percent_statements_covered_display": "0", "num_branches": 4, "num_partial_branches": 0, "covered_branches": 0, "missing_branches": 4, "percent_branches_covered": 0.0, "percent_branches_covered_display": "0"}, "missing_lines": [188, 189, 190, 191, 192, 193, 194, 195, 196, 197, 202, 203, 204, 205], "excluded_lines": [], "start_line": 187, "executed_branches": [], "missing_branches": [[202, 203], [202, 204], [204, 196], [204, 205]]}, "": {"executed_lines": [1, 3, 4, 5, 6, 7, 8, 10, 11, 12, 13, 14, 21, 22, 25, 28, 32, 187, 208], "summary": {"covered_lines": 19, "num_statements": 20, "percent_covered": 90.9090909090909, "percent_covered_display": "91", "missing_lines": 1, "excluded_lines": 0, "percent_statements_covered": 95.0, "percent_statements_covered_display": "95", "num_branches": 2, "num_partial_branches": 1, "covered_branches": 1, "missing_branches": 1, "percent_branches_covered": 50.0, "percent_branches_covered_display": "50"}, "missing_lines": [209], "excluded_lines": [], "start_line": 1, "executed_branches": [[208, -1]], "missing_branches": [[208, 209]]}}, "classes": {"": {"executed_lines": [1, 3, 4, 5, 6, 7, 8, 10, 11, 12, 13, 14, 21, 22, 25, 28, 32, 39, 40, 41, 42, 43, 44, 45, 46, 49, 50, 51, 52, 53, 54, 58, 59, 63, 67, 71, 72, 73, 74, 75, 76, 77, 78, 79, 84, 90, 91, 92, 93, 97, 111, 112, 114, 123, 130, 131, 137, 138, 144, 145, 172, 173, 182, 184, 187, 208], "summary": {"covered_lines": 66, "num_statements": 94, "percent_covered": 69.35483870967742, "percent_covered_display": "69", "missing_lines": 28, "excluded_lines": 0, "percent_statements_covered": 70.2127659574468, "percent_statements_covered_display": "70", "num_branches": 30, "num_partial_branches": 6, "covered_branches": 20, "missing_branches": 10, "percent_branches_covered": 66.66666666666667, "percent_branches_covered_display": "67"}, "missing_lines": [29, 60, 64, 81, 94, 108, 124, 151, 152, 158, 159, 165, 166, 188, 189, 190, 191, 192, 193, 194, 195, 196, 197, 202, 203, 204, 205, 209], "excluded_lines": [], "start_line": 1, "executed_branches": [[45, 46], [45, 49], [52, 53], [52, 54], [59, 63], [63, 67], [71, 72], [71, 90], [72, 73], [72, 74], [74, 75], [74, 78], [75, 76], [75, 77], [78, 79], [90, 91], [93, 97], [111, 112], [111, 114], [208, -1]], "missing_branches": [[59, 60], [63, 64], [78, 81], [90, 108], [93, 94], [202, 203], [202, 204], [204, 196], [204, 205], [208, 209]]}}}}, "totals": {"covered_lines": 3440, "num_statements": 4418, "percent_covered": 73.68135838150289, "percent_covered_display": "74", "missing_lines": 978, "excluded_lines": 4, "percent_statements_covered": 77.86328655500226, "percent_statements_covered_display": "78", "num_branches": 1118, "num_partial_branches": 253, "covered_branches": 639, "missing_branches": 479, "percent_branches_covered": 57.15563506261181, "percent_branches_covered_display": "57"}}