<?xml version="1.0" encoding="utf-8"?><testsuites name="pytest tests"><testsuite name="pytest" errors="0" failures="0" skipped="0" tests="106" time="190.740" timestamp="2026-09-14T11:50:53.109449-04:00" hostname="LAPTOP-206288OL"><testcase classname="tests.test_admin" name="test_seed_is_idempotent_and_backup_round_trips" time="0.138" /><testcase classname="tests.test_admin" name="test_backup_rejects_tampering" time="0.085" /><testcase classname="tests.test_app_rt_edge_cases" name="test_soft_priority_uses_lexicographic_stages_without_penalty" time="0.044" /><testcase classname="tests.test_app_rt_edge_cases" name="test_physically_impossible_soft_priority_returns_minimum_shortfall" time="0.020" /><testcase classname="tests.test_app_rt_edge_cases" name="test_no_operator_requirement_keeps_single_stage_baseline" time="0.014" /><testcase classname="tests.test_app_rt_edge_cases" name="test_trip_ending_at_current_timestep_is_not_added_to_remaining_horizon" time="0.012" /><testcase classname="tests.test_app_rt_edge_cases" name="test_no_remaining_trips_is_a_controlled_noop" time="0.001" /><testcase classname="tests.test_app_rt_edge_cases" name="test_remaining_horizon_prices_keep_absolute_timestep_alignment" time="0.009" /><testcase classname="tests.test_app_rt_edge_cases" name="test_preapplied_delay_metadata_does_not_shift_trips_twice" time="0.007" /><testcase classname="tests.test_app_rt_edge_cases" name="test_direct_api_delay_supports_multiple_target_buses" time="0.008" /><testcase classname="tests.test_auth" name="test_api_key_configuration_requires_unique_strong_keys" time="0.002" /><testcase classname="tests.test_auth" name="test_authentication_maps_keys_to_fixed_roles" time="0.001" /><testcase classname="tests.test_auth" name="test_api_enforces_role_separation" time="0.178" /><testcase classname="tests.test_benchmark_api" name="test_percentile_interpolates_ordered_values" time="0.001" /><testcase classname="tests.test_benchmark_api" name="test_benchmark_summary_reports_latency_throughput_and_errors" time="0.001" /><testcase classname="tests.test_demonstrator_api" name="test_liveness_contract" time="0.070" /><testcase classname="tests.test_demonstrator_api" name="test_capabilities_publish_operating_boundary_and_statuses" time="0.067" /><testcase classname="tests.test_demonstrator_api" name="test_only_completed_lifecycle_states_are_terminal" time="0.001" /><testcase classname="tests.test_demonstrator_api" name="test_dashboard_origin_is_allowed_to_call_the_api" time="0.067" /><testcase classname="tests.test_demonstrator_approvals" name="test_successful_candidate_receives_one_immutable_operator_decision" time="0.227" /><testcase classname="tests.test_demonstrator_approvals" name="test_candidate_without_passing_validation_cannot_be_approved" time="0.284" /><testcase classname="tests.test_demonstrator_failure_classification" name="test_day_ahead_timeout_is_not_reported_as_infeasible" time="0.001" /><testcase classname="tests.test_demonstrator_failure_classification" name="test_real_time_timeout_without_an_incumbent_is_classified_separately" time="0.001" /><testcase classname="tests.test_demonstrator_notices" name="test_simulated_notice_queues_auditable_remaining_horizon_run" time="14.707" /><testcase classname="tests.test_demonstrator_notices" name="test_notice_requires_an_approved_baseline" time="0.178" /><testcase classname="tests.test_demonstrator_notices" name="test_site_power_isolation_is_preserved_as_a_degraded_candidate" time="12.168" /><testcase classname="tests.test_demonstrator_ot_security" name="test_control_simulation_requires_separate_credential" time="0.179" /><testcase classname="tests.test_demonstrator_ot_security" name="test_modbus_register_round_trip_preserves_v2g_export_sign" time="0.001" /><testcase classname="tests.test_demonstrator_ot_security" name="test_control_simulation_fails_closed_when_not_configured" time="0.139" /><testcase classname="tests.test_demonstrator_ot_security" name="test_approved_interval_is_encoded_and_recorded_idempotently" time="0.226" /><testcase classname="tests.test_demonstrator_ot_security" name="test_unapproved_or_rejected_candidate_is_blocked" time="0.191" /><testcase classname="tests.test_demonstrator_ot_security" name="test_interval_capacity_and_result_hash_are_enforced" time="0.213" /><testcase classname="tests.test_demonstrator_runs" name="test_submit_get_and_list_persisted_run" time="0.173" /><testcase classname="tests.test_demonstrator_runs" name="test_submission_is_idempotent_for_same_key_and_payload" time="0.160" /><testcase classname="tests.test_demonstrator_runs" name="test_idempotency_key_rejects_different_payload" time="0.158" /><testcase classname="tests.test_demonstrator_runs" name="test_queued_run_can_be_cancelled_idempotently" time="0.168" /><testcase classname="tests.test_demonstrator_runs" name="test_running_cancellation_discards_a_late_solver_result" time="0.181" /><testcase classname="tests.test_demonstrator_runs" name="test_controlled_failure_drill_is_queued_with_a_frozen_scenario" time="0.157" /><testcase classname="tests.test_demonstrator_runs" name="test_invalid_contract_is_rejected_before_persistence" time="0.140" /><testcase classname="tests.test_demonstrator_runs" name="test_registered_inputs_are_discoverable_and_hash_verified" time="0.157" /><testcase classname="tests.test_demonstrator_runs" name="test_runs_survive_application_restart" time="0.214" /><testcase classname="tests.test_demonstrator_runs" name="test_readiness_requires_the_migrated_run_schema" time="0.073" /><testcase classname="tests.test_demonstrator_runs" name="test_repository_enforces_lifecycle_transitions" time="0.360" /><testcase classname="tests.test_demonstrator_runs" name="test_initial_alembic_migration_builds_run_table" time="0.280" /><testcase classname="tests.test_demonstrator_worker" name="test_worker_executes_real_optimizer_and_persists_validated_result" time="12.063" /><testcase classname="tests.test_demonstrator_worker" name="test_worker_rejects_real_time_run_without_a_preserved_notice" time="0.167" /><testcase classname="tests.test_demonstrator_worker" name="test_worker_classifies_controlled_infeasible_drill" time="0.166" /><testcase classname="tests.test_demonstrator_worker" name="test_worker_classifies_controlled_timeout_drill" time="0.169" /><testcase classname="tests.test_demonstrator_worker" name="test_worker_requeues_an_abandoned_claim_after_restart" time="0.192" /><testcase classname="tests.test_demonstrator_worker" name="test_failed_validation_is_retained_as_degraded_and_cannot_be_approved" time="0.187" /><testcase classname="tests.test_grid_dynamics_evidence_script" name="test_evidence_script_generates_report_plots_and_machine_readable_results" time="25.272" /><testcase classname="tests.test_gridtwin_api" name="test_gridtwin_meta_preserves_software_only_boundary" time="0.142" /><testcase classname="tests.test_gridtwin_api" name="test_gridtwin_experiment_and_attack_routes_use_runner" time="0.157" /><testcase classname="tests.test_gridtwin_dispatch" name="test_uncontrolled_charging_is_earliest_available_and_energy_preserving" time="0.001" /><testcase classname="tests.test_gridtwin_dispatch" name="test_bess_dispatch_respects_grid_envelope_and_terminal_soc" time="0.009" /><testcase classname="tests.test_gridtwin_dynamics" name="test_operating_point_matches_closed_form_two_bus_baseline" time="0.001" /><testcase classname="tests.test_gridtwin_dynamics" name="test_required_dynamic_scenarios_are_stable_and_meet_declared_criteria[normal_load_change]" time="0.822" /><testcase classname="tests.test_gridtwin_dynamics" name="test_required_dynamic_scenarios_are_stable_and_meet_declared_criteria[voltage_sag]" time="0.834" /><testcase classname="tests.test_gridtwin_dynamics" name="test_required_dynamic_scenarios_are_stable_and_meet_declared_criteria[three_phase_fault]" time="0.840" /><testcase classname="tests.test_gridtwin_dynamics" name="test_required_dynamic_scenarios_are_stable_and_meet_declared_criteria[inverter_trip]" time="0.836" /><testcase classname="tests.test_gridtwin_dynamics" name="test_selected_solver_step_and_finer_steps_match_reference" time="24.028" /><testcase classname="tests.test_gridtwin_dynamics" name="test_contingency_violation_returns_bounded_reschedule_feedback" time="0.780" /><testcase classname="tests.test_gridtwin_dynamics" name="test_dynamic_fixture_is_deterministic" time="0.805" /><testcase classname="tests.test_gridtwin_evidence_script" name="test_api_benchmark_authenticates_when_api_key_mode_is_enabled" time="0.156" /><testcase classname="tests.test_gridtwin_feeder" name="test_cigre_feeder_contains_named_depot_and_bess" time="0.196" /><testcase classname="tests.test_gridtwin_feeder" name="test_documented_scaled_cigre_base_case_is_stable" time="0.230" /><testcase classname="tests.test_gridtwin_feeder" name="test_hosting_limit_separates_unsafe_and_conservative_imports" time="3.583" /><testcase classname="tests.test_gridtwin_feeder" name="test_schedule_reports_violation_durations_and_energy_losses" time="0.468" /><testcase classname="tests.test_gridtwin_integration" name="test_full_evidence_sprint_reuses_optimizer_and_clears_grid_violations" time="72.183" /><testcase classname="tests.test_gridtwin_security" name="test_attacks_are_detected_denied_audited_and_recovered" time="0.218" /><testcase classname="tests.test_gridtwin_security" name="test_audit_chain_detects_tampering" time="0.001" /><testcase classname="tests.test_modbus_tcp_gateway" name="test_three_register_command_frame_distinguishes_zero_dispatch_from_safe_state" time="0.001" /><testcase classname="tests.test_modbus_tcp_gateway" name="test_actual_modbus_tcp_round_trip_and_emergency_safe_state" time="0.577" /><testcase classname="tests.test_modbus_tcp_gateway" name="test_gateway_rejects_replay_stale_and_out_of_range_before_transport" time="0.529" /><testcase classname="tests.test_modbus_tcp_gateway" name="test_plc_rejects_non_gateway_peer_and_sets_alarm" time="0.001" /><testcase classname="tests.test_modbus_tcp_gateway" name="test_register_scan_is_detected_and_rejected" time="0.001" /><testcase classname="tests.test_modbus_tcp_gateway" name="test_frozen_heartbeat_triggers_safe_state" time="0.511" /><testcase classname="tests.test_modbus_tcp_gateway" name="test_unreachable_controller_uses_bounded_attempts_and_reports_unknown_state" time="0.629" /><testcase classname="tests.test_observability" name="test_api_propagates_valid_correlation_id_and_replaces_invalid_value" time="0.153" /><testcase classname="tests.test_observability" name="test_request_metrics_use_bounded_route_labels" time="0.001" /><testcase classname="tests.test_openapi_contract" name="test_openapi_contract_declares_versioned_routes_and_bearer_auth" time="0.178" /><testcase classname="tests.test_ot_dispatch_api" name="test_approved_dispatch_crosses_real_tcp_and_persists_correlated_evidence" time="0.804" /><testcase classname="tests.test_ot_dispatch_api" name="test_invalid_credential_and_hash_mismatch_are_both_persisted" time="0.517" /><testcase classname="tests.test_ot_dispatch_api" name="test_rejected_candidate_never_reaches_the_gateway" time="0.514" /><testcase classname="tests.test_ot_dispatch_api" name="test_replay_and_stale_commands_are_rejected_and_correlated" time="0.702" /><testcase classname="tests.test_ot_dispatch_api" name="test_out_of_range_schedule_is_blocked_before_controller" time="0.515" /><testcase classname="tests.test_ot_dispatch_api" name="test_emergency_path_uses_separate_key_and_sets_safe_state" time="0.719" /><testcase classname="tests.test_pymodbus_path" name="test_pymodbus_client_writes_and_reads_real_tcp_telemetry" time="0.512" /><testcase classname="tests.test_pymodbus_path" name="test_gateway_rejects_unauthorized_and_unsafe_setpoints_without_modbus_transmission" time="0.514" /><testcase classname="tests.test_security_monitor" name="test_validate_api_url_accepts_http_origins[http://api:8000/-http://api:8000]" time="0.001" /><testcase classname="tests.test_security_monitor" name="test_validate_api_url_accepts_http_origins[https://monitor.example.test/base-https://monitor.example.test/base]" time="0.001" /><testcase classname="tests.test_security_monitor" name="test_validate_api_url_rejects_unsafe_values[file:///etc/passwd]" time="0.001" /><testcase classname="tests.test_security_monitor" name="test_validate_api_url_rejects_unsafe_values[ftp://example.test/events]" time="0.001" /><testcase classname="tests.test_security_monitor" name="test_validate_api_url_rejects_unsafe_values[api:8000]" time="0.001" /><testcase classname="tests.test_security_monitor" name="test_validate_api_url_rejects_unsafe_values[http://user:password@example.test]" time="0.001" /><testcase classname="tests.test_security_monitor" name="test_security_events_request_adds_configured_bearer_key" time="0.001" /><testcase classname="tests.test_settings" name="test_runtime_settings_expose_only_safe_configuration" time="0.001" /><testcase classname="tests.test_settings" name="test_origins_reject_non_origins[*]" time="0.001" /><testcase classname="tests.test_settings" name="test_origins_reject_non_origins[file:///tmp/data]" time="0.001" /><testcase classname="tests.test_settings" name="test_origins_reject_non_origins[https://user:pass@test]" time="0.001" /><testcase classname="tests.test_settings" name="test_origins_reject_non_origins[https://test/path]" time="0.001" /><testcase classname="tests.test_settings" name="test_boolean_parser_is_strict" time="0.001" /><testcase classname="tests.test_telemetry" name="test_resource_meter_reports_reproducible_local_proxies" time="0.016" /><testcase classname="tests.test_telemetry" name="test_agent_call_summary_aggregates_token_and_cost_fields" time="0.001" /><testcase classname="tests.test_telemetry" name="test_system_profile_declares_local_and_provider_measurement_boundaries" time="0.044" /><testcase classname="tests.test_telemetry" name="test_solver_telemetry_extracts_standard_results_and_model_size" time="0.001" /></testsuite></testsuites>